[0.013s] Invoking command in '/home/phattanarat/onenight_ws/build/csm': CMAKE_PREFIX_PATH=${CMAKE_PREFIX_PATH}:/home/phattanarat/ros2_ws/install/launch_testing_examples:/home/phattanarat/ros2_ws/install/examples_rclpy_pointcloud_publisher:/home/phattanarat/ros2_ws/install/examples_rclpy_minimal_subscriber:/home/phattanarat/ros2_ws/install/examples_rclpy_minimal_service:/home/phattanarat/ros2_ws/install/examples_rclpy_minimal_publisher:/home/phattanarat/ros2_ws/install/examples_rclpy_minimal_client:/home/phattanarat/ros2_ws/install/examples_rclpy_minimal_action_server:/home/phattanarat/ros2_ws/install/examples_rclpy_minimal_action_client:/home/phattanarat/ros2_ws/install/examples_rclpy_guard_conditions:/home/phattanarat/ros2_ws/install/examples_rclpy_executors:/home/phattanarat/turtlebot3_ws/install/turtlebot3_teleop:/home/phattanarat/turtlebot3_ws/install/turtlebot3_example:/opt/ros/humble /usr/bin/cmake --build /home/phattanarat/onenight_ws/build/csm -- -j12 -l12
[0.050s] [35m[1mConsolidate compiler generated dependencies of target csm[0m
[0.071s] [100%] Built target csm
[0.079s] Invoked command in '/home/phattanarat/onenight_ws/build/csm' returned '0': CMAKE_PREFIX_PATH=${CMAKE_PREFIX_PATH}:/home/phattanarat/ros2_ws/install/launch_testing_examples:/home/phattanarat/ros2_ws/install/examples_rclpy_pointcloud_publisher:/home/phattanarat/ros2_ws/install/examples_rclpy_minimal_subscriber:/home/phattanarat/ros2_ws/install/examples_rclpy_minimal_service:/home/phattanarat/ros2_ws/install/examples_rclpy_minimal_publisher:/home/phattanarat/ros2_ws/install/examples_rclpy_minimal_client:/home/phattanarat/ros2_ws/install/examples_rclpy_minimal_action_server:/home/phattanarat/ros2_ws/install/examples_rclpy_minimal_action_client:/home/phattanarat/ros2_ws/install/examples_rclpy_guard_conditions:/home/phattanarat/ros2_ws/install/examples_rclpy_executors:/home/phattanarat/turtlebot3_ws/install/turtlebot3_teleop:/home/phattanarat/turtlebot3_ws/install/turtlebot3_example:/opt/ros/humble /usr/bin/cmake --build /home/phattanarat/onenight_ws/build/csm -- -j12 -l12
[0.086s] Invoking command in '/home/phattanarat/onenight_ws/build/csm': CMAKE_PREFIX_PATH=${CMAKE_PREFIX_PATH}:/home/phattanarat/ros2_ws/install/launch_testing_examples:/home/phattanarat/ros2_ws/install/examples_rclpy_pointcloud_publisher:/home/phattanarat/ros2_ws/install/examples_rclpy_minimal_subscriber:/home/phattanarat/ros2_ws/install/examples_rclpy_minimal_service:/home/phattanarat/ros2_ws/install/examples_rclpy_minimal_publisher:/home/phattanarat/ros2_ws/install/examples_rclpy_minimal_client:/home/phattanarat/ros2_ws/install/examples_rclpy_minimal_action_server:/home/phattanarat/ros2_ws/install/examples_rclpy_minimal_action_client:/home/phattanarat/ros2_ws/install/examples_rclpy_guard_conditions:/home/phattanarat/ros2_ws/install/examples_rclpy_executors:/home/phattanarat/turtlebot3_ws/install/turtlebot3_teleop:/home/phattanarat/turtlebot3_ws/install/turtlebot3_example:/opt/ros/humble /usr/bin/cmake --install /home/phattanarat/onenight_ws/build/csm
[0.091s] -- Install configuration: ""
[0.091s] -- Up-to-date: /home/phattanarat/onenight_ws/install/csm/lib/libcsm.so
[0.091s] -- Up-to-date: /home/phattanarat/onenight_ws/install/csm/include/..//include
[0.091s] -- Up-to-date: /home/phattanarat/onenight_ws/install/csm/include/..//include/gsl_eigen
[0.091s] -- Up-to-date: /home/phattanarat/onenight_ws/install/csm/include/..//include/gsl_eigen/gsl_eigen.h
[0.091s] -- Up-to-date: /home/phattanarat/onenight_ws/install/csm/include/..//include/csm
[0.091s] -- Up-to-date: /home/phattanarat/onenight_ws/install/csm/include/..//include/csm/laser_data_inline.h
[0.091s] -- Up-to-date: /home/phattanarat/onenight_ws/install/csm/include/..//include/csm/laser_data.h
[0.091s] -- Up-to-date: /home/phattanarat/onenight_ws/install/csm/include/..//include/csm/csm.h
[0.091s] -- Up-to-date: /home/phattanarat/onenight_ws/install/csm/include/..//include/csm/restrict.h
[0.091s] -- Up-to-date: /home/phattanarat/onenight_ws/install/csm/include/..//include/csm/algos.h
[0.091s] -- Up-to-date: /home/phattanarat/onenight_ws/install/csm/share/csm/resource
[0.091s] -- Up-to-date: /home/phattanarat/onenight_ws/install/csm/share/csm/resource/csm
[0.092s] -- Up-to-date: /home/phattanarat/onenight_ws/install/csm/include/../gsl_eigen
[0.092s] -- Up-to-date: /home/phattanarat/onenight_ws/install/csm/include/../gsl_eigen/gsl_eigen.h
[0.092s] -- Up-to-date: /home/phattanarat/onenight_ws/install/csm/share/csm/environment/library_path.sh
[0.092s] -- Up-to-date: /home/phattanarat/onenight_ws/install/csm/share/csm/environment/library_path.dsv
[0.092s] -- Up-to-date: /home/phattanarat/onenight_ws/install/csm/share/ament_index/resource_index/package_run_dependencies/csm
[0.092s] -- Up-to-date: /home/phattanarat/onenight_ws/install/csm/share/ament_index/resource_index/parent_prefix_path/csm
[0.092s] -- Up-to-date: /home/phattanarat/onenight_ws/install/csm/share/csm/environment/ament_prefix_path.sh
[0.092s] -- Up-to-date: /home/phattanarat/onenight_ws/install/csm/share/csm/environment/ament_prefix_path.dsv
[0.092s] -- Up-to-date: /home/phattanarat/onenight_ws/install/csm/share/csm/environment/path.sh
[0.092s] -- Up-to-date: /home/phattanarat/onenight_ws/install/csm/share/csm/environment/path.dsv
[0.092s] -- Up-to-date: /home/phattanarat/onenight_ws/install/csm/share/csm/local_setup.bash
[0.092s] -- Up-to-date: /home/phattanarat/onenight_ws/install/csm/share/csm/local_setup.sh
[0.092s] -- Up-to-date: /home/phattanarat/onenight_ws/install/csm/share/csm/local_setup.zsh
[0.092s] -- Up-to-date: /home/phattanarat/onenight_ws/install/csm/share/csm/local_setup.dsv
[0.092s] -- Installing: /home/phattanarat/onenight_ws/install/csm/share/csm/package.dsv
[0.092s] -- Up-to-date: /home/phattanarat/onenight_ws/install/csm/share/ament_index/resource_index/packages/csm
[0.092s] -- Up-to-date: /home/phattanarat/onenight_ws/install/csm/share/csm/cmake/ament_cmake_export_dependencies-extras.cmake
[0.092s] -- Up-to-date: /home/phattanarat/onenight_ws/install/csm/share/csm/cmake/ament_cmake_export_include_directories-extras.cmake
[0.092s] -- Up-to-date: /home/phattanarat/onenight_ws/install/csm/share/csm/cmake/ament_cmake_export_libraries-extras.cmake
[0.092s] -- Up-to-date: /home/phattanarat/onenight_ws/install/csm/share/csm/cmake/csmConfig.cmake
[0.092s] -- Up-to-date: /home/phattanarat/onenight_ws/install/csm/share/csm/cmake/csmConfig-version.cmake
[0.092s] -- Up-to-date: /home/phattanarat/onenight_ws/install/csm/share/csm/package.xml
[0.093s] Invoked command in '/home/phattanarat/onenight_ws/build/csm' returned '0': CMAKE_PREFIX_PATH=${CMAKE_PREFIX_PATH}:/home/phattanarat/ros2_ws/install/launch_testing_examples:/home/phattanarat/ros2_ws/install/examples_rclpy_pointcloud_publisher:/home/phattanarat/ros2_ws/install/examples_rclpy_minimal_subscriber:/home/phattanarat/ros2_ws/install/examples_rclpy_minimal_service:/home/phattanarat/ros2_ws/install/examples_rclpy_minimal_publisher:/home/phattanarat/ros2_ws/install/examples_rclpy_minimal_client:/home/phattanarat/ros2_ws/install/examples_rclpy_minimal_action_server:/home/phattanarat/ros2_ws/install/examples_rclpy_minimal_action_client:/home/phattanarat/ros2_ws/install/examples_rclpy_guard_conditions:/home/phattanarat/ros2_ws/install/examples_rclpy_executors:/home/phattanarat/turtlebot3_ws/install/turtlebot3_teleop:/home/phattanarat/turtlebot3_ws/install/turtlebot3_example:/opt/ros/humble /usr/bin/cmake --install /home/phattanarat/onenight_ws/build/csm
