[0.071s] DEBUG:colcon:Command line arguments: ['/usr/bin/colcon', 'build', '--packages-select', 'ros2_laser_scan_matcher']
[0.071s] DEBUG:colcon:Parsed command line arguments: Namespace(log_base=None, log_level=None, verb_name='build', build_base='build', install_base='install', merge_install=False, symlink_install=False, test_result_base=None, continue_on_error=False, executor='parallel', parallel_workers=12, event_handlers=None, ignore_user_meta=False, metas=['./colcon.meta'], base_paths=['.'], packages_ignore=None, packages_ignore_regex=None, paths=None, packages_up_to=None, packages_up_to_regex=None, packages_above=None, packages_above_and_dependencies=None, packages_above_depth=None, packages_select_by_dep=None, packages_skip_by_dep=None, packages_skip_up_to=None, packages_select_build_failed=False, packages_skip_build_finished=False, packages_select_test_failures=False, packages_skip_test_passed=False, packages_select=['ros2_laser_scan_matcher'], packages_skip=None, packages_select_regex=None, packages_skip_regex=None, packages_start=None, packages_end=None, allow_overriding=[], cmake_args=None, cmake_target=None, cmake_target_skip_unavailable=False, cmake_clean_cache=False, cmake_clean_first=False, cmake_force_configure=False, ament_cmake_args=None, catkin_cmake_args=None, catkin_skip_building_tests=False, verb_parser=<colcon_defaults.argument_parser.defaults.DefaultArgumentsDecorator object at 0x7d7465fa02b0>, verb_extension=<colcon_core.verb.build.BuildVerb object at 0x7d7465f67d00>, main=<bound method BuildVerb.main of <colcon_core.verb.build.BuildVerb object at 0x7d7465f67d00>>)
[0.202s] Level 1:colcon.colcon_core.package_discovery:discover_packages(colcon_meta) check parameters
[0.202s] Level 1:colcon.colcon_core.package_discovery:discover_packages(recursive) check parameters
[0.202s] Level 1:colcon.colcon_core.package_discovery:discover_packages(ignore) check parameters
[0.202s] Level 1:colcon.colcon_core.package_discovery:discover_packages(path) check parameters
[0.202s] Level 1:colcon.colcon_core.package_discovery:discover_packages(colcon_meta) discover
[0.202s] Level 1:colcon.colcon_core.package_discovery:discover_packages(recursive) discover
[0.202s] INFO:colcon.colcon_core.package_discovery:Crawling recursively for packages in '/home/phattanarat/onenight_ws'
[0.202s] Level 1:colcon.colcon_core.package_identification:_identify(.) by extensions ['ignore', 'ignore_ament_install']
[0.202s] Level 1:colcon.colcon_core.package_identification:_identify(.) by extension 'ignore'
[0.202s] Level 1:colcon.colcon_core.package_identification:_identify(.) by extension 'ignore_ament_install'
[0.202s] Level 1:colcon.colcon_core.package_identification:_identify(.) by extensions ['colcon_pkg']
[0.202s] Level 1:colcon.colcon_core.package_identification:_identify(.) by extension 'colcon_pkg'
[0.202s] Level 1:colcon.colcon_core.package_identification:_identify(.) by extensions ['colcon_meta']
[0.202s] Level 1:colcon.colcon_core.package_identification:_identify(.) by extension 'colcon_meta'
[0.202s] Level 1:colcon.colcon_core.package_identification:_identify(.) by extensions ['ros']
[0.202s] Level 1:colcon.colcon_core.package_identification:_identify(.) by extension 'ros'
[0.214s] Level 1:colcon.colcon_core.package_identification:_identify(.) by extensions ['cmake', 'python']
[0.214s] Level 1:colcon.colcon_core.package_identification:_identify(.) by extension 'cmake'
[0.214s] Level 1:colcon.colcon_core.package_identification:_identify(.) by extension 'python'
[0.214s] Level 1:colcon.colcon_core.package_identification:_identify(.) by extensions ['python_setup_py']
[0.214s] Level 1:colcon.colcon_core.package_identification:_identify(.) by extension 'python_setup_py'
[0.214s] Level 1:colcon.colcon_core.package_identification:_identify(build) by extensions ['ignore', 'ignore_ament_install']
[0.214s] Level 1:colcon.colcon_core.package_identification:_identify(build) by extension 'ignore'
[0.214s] Level 1:colcon.colcon_core.package_identification:_identify(build) ignored
[0.214s] Level 1:colcon.colcon_core.package_identification:_identify(install) by extensions ['ignore', 'ignore_ament_install']
[0.214s] Level 1:colcon.colcon_core.package_identification:_identify(install) by extension 'ignore'
[0.214s] Level 1:colcon.colcon_core.package_identification:_identify(install) ignored
[0.215s] Level 1:colcon.colcon_core.package_identification:_identify(log) by extensions ['ignore', 'ignore_ament_install']
[0.215s] Level 1:colcon.colcon_core.package_identification:_identify(log) by extension 'ignore'
[0.215s] Level 1:colcon.colcon_core.package_identification:_identify(log) ignored
[0.215s] Level 1:colcon.colcon_core.package_identification:_identify(src) by extensions ['ignore', 'ignore_ament_install']
[0.215s] Level 1:colcon.colcon_core.package_identification:_identify(src) by extension 'ignore'
[0.215s] Level 1:colcon.colcon_core.package_identification:_identify(src) by extension 'ignore_ament_install'
[0.215s] Level 1:colcon.colcon_core.package_identification:_identify(src) by extensions ['colcon_pkg']
[0.215s] Level 1:colcon.colcon_core.package_identification:_identify(src) by extension 'colcon_pkg'
[0.215s] Level 1:colcon.colcon_core.package_identification:_identify(src) by extensions ['colcon_meta']
[0.215s] Level 1:colcon.colcon_core.package_identification:_identify(src) by extension 'colcon_meta'
[0.215s] Level 1:colcon.colcon_core.package_identification:_identify(src) by extensions ['ros']
[0.215s] Level 1:colcon.colcon_core.package_identification:_identify(src) by extension 'ros'
[0.215s] Level 1:colcon.colcon_core.package_identification:_identify(src) by extensions ['cmake', 'python']
[0.215s] Level 1:colcon.colcon_core.package_identification:_identify(src) by extension 'cmake'
[0.215s] Level 1:colcon.colcon_core.package_identification:_identify(src) by extension 'python'
[0.215s] Level 1:colcon.colcon_core.package_identification:_identify(src) by extensions ['python_setup_py']
[0.215s] Level 1:colcon.colcon_core.package_identification:_identify(src) by extension 'python_setup_py'
[0.215s] Level 1:colcon.colcon_core.package_identification:_identify(src/csm) by extensions ['ignore', 'ignore_ament_install']
[0.215s] Level 1:colcon.colcon_core.package_identification:_identify(src/csm) by extension 'ignore'
[0.215s] Level 1:colcon.colcon_core.package_identification:_identify(src/csm) by extension 'ignore_ament_install'
[0.215s] Level 1:colcon.colcon_core.package_identification:_identify(src/csm) by extensions ['colcon_pkg']
[0.215s] Level 1:colcon.colcon_core.package_identification:_identify(src/csm) by extension 'colcon_pkg'
[0.215s] Level 1:colcon.colcon_core.package_identification:_identify(src/csm) by extensions ['colcon_meta']
[0.215s] Level 1:colcon.colcon_core.package_identification:_identify(src/csm) by extension 'colcon_meta'
[0.215s] Level 1:colcon.colcon_core.package_identification:_identify(src/csm) by extensions ['ros']
[0.215s] Level 1:colcon.colcon_core.package_identification:_identify(src/csm) by extension 'ros'
[0.217s] DEBUG:colcon.colcon_core.package_identification:Package 'src/csm' with type 'ros.ament_cmake' and name 'csm'
[0.217s] Level 1:colcon.colcon_core.package_identification:_identify(src/ros2_laser_scan_matcher) by extensions ['ignore', 'ignore_ament_install']
[0.217s] Level 1:colcon.colcon_core.package_identification:_identify(src/ros2_laser_scan_matcher) by extension 'ignore'
[0.217s] Level 1:colcon.colcon_core.package_identification:_identify(src/ros2_laser_scan_matcher) by extension 'ignore_ament_install'
[0.217s] Level 1:colcon.colcon_core.package_identification:_identify(src/ros2_laser_scan_matcher) by extensions ['colcon_pkg']
[0.217s] Level 1:colcon.colcon_core.package_identification:_identify(src/ros2_laser_scan_matcher) by extension 'colcon_pkg'
[0.217s] Level 1:colcon.colcon_core.package_identification:_identify(src/ros2_laser_scan_matcher) by extensions ['colcon_meta']
[0.217s] Level 1:colcon.colcon_core.package_identification:_identify(src/ros2_laser_scan_matcher) by extension 'colcon_meta'
[0.217s] Level 1:colcon.colcon_core.package_identification:_identify(src/ros2_laser_scan_matcher) by extensions ['ros']
[0.217s] Level 1:colcon.colcon_core.package_identification:_identify(src/ros2_laser_scan_matcher) by extension 'ros'
[0.217s] DEBUG:colcon.colcon_core.package_identification:Package 'src/ros2_laser_scan_matcher' with type 'ros.ament_cmake' and name 'ros2_laser_scan_matcher'
[0.218s] Level 1:colcon.colcon_core.package_identification:_identify(src/scantest) by extensions ['ignore', 'ignore_ament_install']
[0.218s] Level 1:colcon.colcon_core.package_identification:_identify(src/scantest) by extension 'ignore'
[0.218s] Level 1:colcon.colcon_core.package_identification:_identify(src/scantest) by extension 'ignore_ament_install'
[0.218s] Level 1:colcon.colcon_core.package_identification:_identify(src/scantest) by extensions ['colcon_pkg']
[0.218s] Level 1:colcon.colcon_core.package_identification:_identify(src/scantest) by extension 'colcon_pkg'
[0.218s] Level 1:colcon.colcon_core.package_identification:_identify(src/scantest) by extensions ['colcon_meta']
[0.218s] Level 1:colcon.colcon_core.package_identification:_identify(src/scantest) by extension 'colcon_meta'
[0.218s] Level 1:colcon.colcon_core.package_identification:_identify(src/scantest) by extensions ['ros']
[0.218s] Level 1:colcon.colcon_core.package_identification:_identify(src/scantest) by extension 'ros'
[0.218s] DEBUG:colcon.colcon_core.package_identification:Package 'src/scantest' with type 'ros.ament_cmake' and name 'scantest'
[0.218s] Level 1:colcon.colcon_core.package_discovery:discover_packages(recursive) using defaults
[0.218s] Level 1:colcon.colcon_core.package_discovery:discover_packages(ignore) discover
[0.218s] Level 1:colcon.colcon_core.package_discovery:discover_packages(ignore) using defaults
[0.218s] Level 1:colcon.colcon_core.package_discovery:discover_packages(path) discover
[0.218s] Level 1:colcon.colcon_core.package_discovery:discover_packages(path) using defaults
[0.232s] INFO:colcon.colcon_core.package_selection:Skipping not selected package 'csm' in 'src/csm'
[0.232s] INFO:colcon.colcon_core.package_selection:Skipping not selected package 'scantest' in 'src/scantest'
[0.233s] Level 1:colcon.colcon_core.package_discovery:discover_packages(prefix_path) check parameters
[0.233s] Level 1:colcon.colcon_core.package_discovery:discover_packages(prefix_path) discover
[0.234s] DEBUG:colcon.colcon_installed_package_information.package_discovery:Found 3 installed packages in /home/phattanarat/onenight_ws/install
[0.235s] DEBUG:colcon.colcon_installed_package_information.package_discovery:Found 12 installed packages in /home/phattanarat/turtlebot3_ws/install
[0.235s] DEBUG:colcon.colcon_installed_package_information.package_discovery:Found 1 installed packages in /home/phattanarat/DEV_ws/install
[0.235s] DEBUG:colcon.colcon_installed_package_information.package_discovery:Found 1 installed packages in /home/phattanarat/DEV2_WS/install
[0.235s] DEBUG:colcon.colcon_installed_package_information.package_discovery:Found 2 installed packages in /home/phattanarat/LIDAR/install
[0.236s] DEBUG:colcon.colcon_installed_package_information.package_discovery:Found 5 installed packages in /home/phattanarat/FRA502-LAB-6810/install
[0.236s] DEBUG:colcon.colcon_installed_package_information.package_discovery:Found 28 installed packages in /home/phattanarat/ros2_ws/install
[0.238s] DEBUG:colcon.colcon_installed_package_information.package_discovery:Found 542 installed packages in /opt/ros/humble
[0.240s] Level 1:colcon.colcon_core.package_discovery:discover_packages(prefix_path) using defaults
[0.281s] Level 5:colcon.colcon_core.verb:set package 'ros2_laser_scan_matcher' build argument 'cmake_args' from command line to 'None'
[0.281s] Level 5:colcon.colcon_core.verb:set package 'ros2_laser_scan_matcher' build argument 'cmake_target' from command line to 'None'
[0.281s] Level 5:colcon.colcon_core.verb:set package 'ros2_laser_scan_matcher' build argument 'cmake_target_skip_unavailable' from command line to 'False'
[0.281s] Level 5:colcon.colcon_core.verb:set package 'ros2_laser_scan_matcher' build argument 'cmake_clean_cache' from command line to 'False'
[0.281s] Level 5:colcon.colcon_core.verb:set package 'ros2_laser_scan_matcher' build argument 'cmake_clean_first' from command line to 'False'
[0.281s] Level 5:colcon.colcon_core.verb:set package 'ros2_laser_scan_matcher' build argument 'cmake_force_configure' from command line to 'False'
[0.281s] Level 5:colcon.colcon_core.verb:set package 'ros2_laser_scan_matcher' build argument 'ament_cmake_args' from command line to 'None'
[0.281s] Level 5:colcon.colcon_core.verb:set package 'ros2_laser_scan_matcher' build argument 'catkin_cmake_args' from command line to 'None'
[0.281s] Level 5:colcon.colcon_core.verb:set package 'ros2_laser_scan_matcher' build argument 'catkin_skip_building_tests' from command line to 'False'
[0.281s] DEBUG:colcon.colcon_core.verb:Building package 'ros2_laser_scan_matcher' with the following arguments: {'ament_cmake_args': None, 'build_base': '/home/phattanarat/onenight_ws/build/ros2_laser_scan_matcher', 'catkin_cmake_args': None, 'catkin_skip_building_tests': False, 'cmake_args': None, 'cmake_clean_cache': False, 'cmake_clean_first': False, 'cmake_force_configure': False, 'cmake_target': None, 'cmake_target_skip_unavailable': False, 'install_base': '/home/phattanarat/onenight_ws/install/ros2_laser_scan_matcher', 'merge_install': False, 'path': '/home/phattanarat/onenight_ws/src/ros2_laser_scan_matcher', 'symlink_install': False, 'test_result_base': None}
[0.281s] INFO:colcon.colcon_core.executor:Executing jobs using 'parallel' executor
[0.282s] DEBUG:colcon.colcon_parallel_executor.executor.parallel:run_until_complete
[0.282s] INFO:colcon.colcon_ros.task.ament_cmake.build:Building ROS package in '/home/phattanarat/onenight_ws/src/ros2_laser_scan_matcher' with build type 'ament_cmake'
[0.282s] INFO:colcon.colcon_cmake.task.cmake.build:Building CMake package in '/home/phattanarat/onenight_ws/src/ros2_laser_scan_matcher'
[0.283s] INFO:colcon.colcon_core.plugin_system:Skipping extension 'colcon_core.shell.bat': Not used on non-Windows systems
[0.283s] INFO:colcon.colcon_core.shell:Skip shell extension 'powershell' for command environment: Not usable outside of PowerShell
[0.283s] DEBUG:colcon.colcon_core.shell:Skip shell extension 'dsv' for command environment
[0.295s] DEBUG:colcon.colcon_core.event_handler.log_command:Invoking command in '/home/phattanarat/onenight_ws/build/ros2_laser_scan_matcher': CMAKE_PREFIX_PATH=/home/phattanarat/onenight_ws/install/csm:/home/phattanarat/onenight_ws/install/ros2_laser_scan_matcher:/home/phattanarat/onenight_ws/install/scantest:/home/phattanarat/DEV_ws/install/my_bot:/home/phattanarat/DEV2_WS/install/articubot_one:/home/phattanarat/LIDAR/install/rplidar_ros:/home/phattanarat/LIDAR/install/first_lidar:/home/phattanarat/FRA502-LAB-6810/install/turtlesim_plus_interfaces:/home/phattanarat/FRA502-LAB-6810/install/turtlesim_plus:/home/phattanarat/FRA502-LAB-6810/install/lab3:/home/phattanarat/FRA502-LAB-6810/install/lab2:/home/phattanarat/FRA502-LAB-6810/install/controller_interfaces:/home/phattanarat/ros2_ws/install/turtlesim_plus_interfaces:/home/phattanarat/ros2_ws/install/turtlesim_plus:/home/phattanarat/ros2_ws/install/lecture2_ex1:/home/phattanarat/ros2_ws/install/lecture2:/home/phattanarat/ros2_ws/install/lab1_interfaces:/home/phattanarat/ros2_ws/install/lab1:/home/phattanarat/ros2_ws/install/examples_rclcpp_wait_set:/home/phattanarat/ros2_ws/install/examples_rclcpp_multithreaded_executor:/home/phattanarat/ros2_ws/install/examples_rclcpp_minimal_timer:/home/phattanarat/ros2_ws/install/examples_rclcpp_minimal_subscriber:/home/phattanarat/ros2_ws/install/examples_rclcpp_minimal_service:/home/phattanarat/ros2_ws/install/examples_rclcpp_minimal_publisher:/home/phattanarat/ros2_ws/install/examples_rclcpp_minimal_composition:/home/phattanarat/ros2_ws/install/examples_rclcpp_minimal_client:/home/phattanarat/ros2_ws/install/examples_rclcpp_minimal_action_server:/home/phattanarat/ros2_ws/install/examples_rclcpp_minimal_action_client:/home/phattanarat/ros2_ws/install/examples_rclcpp_cbg_executor:/home/phattanarat/ros2_ws/install/examples_rclcpp_async_client:/home/phattanarat/turtlebot3_ws/install/turtlebot3:/home/phattanarat/turtlebot3_ws/install/turtlebot3_bringup:/home/phattanarat/turtlebot3_ws/install/turtlebot3_node:/home/phattanarat/turtlebot3_ws/install/turtlebot3_navigation2:/home/phattanarat/turtlebot3_ws/install/turtlebot3_msgs:/home/phattanarat/turtlebot3_ws/install/turtlebot3_description:/home/phattanarat/turtlebot3_ws/install/turtlebot3_cartographer:/home/phattanarat/turtlebot3_ws/install/dynamixel_sdk_examples:/home/phattanarat/turtlebot3_ws/install/dynamixel_sdk_custom_interfaces:/home/phattanarat/turtlebot3_ws/install/dynamixel_sdk:/home/phattanarat/ros2_ws/install/launch_testing_examples:/home/phattanarat/ros2_ws/install/examples_rclpy_pointcloud_publisher:/home/phattanarat/ros2_ws/install/examples_rclpy_minimal_subscriber:/home/phattanarat/ros2_ws/install/examples_rclpy_minimal_service:/home/phattanarat/ros2_ws/install/examples_rclpy_minimal_publisher:/home/phattanarat/ros2_ws/install/examples_rclpy_minimal_client:/home/phattanarat/ros2_ws/install/examples_rclpy_minimal_action_server:/home/phattanarat/ros2_ws/install/examples_rclpy_minimal_action_client:/home/phattanarat/ros2_ws/install/examples_rclpy_guard_conditions:/home/phattanarat/ros2_ws/install/examples_rclpy_executors:/home/phattanarat/turtlebot3_ws/install/turtlebot3_teleop:/home/phattanarat/turtlebot3_ws/install/turtlebot3_example:/opt/ros/humble LD_LIBRARY_PATH=/home/phattanarat/onenight_ws/install/csm/lib:/home/phattanarat/FRA502-LAB-6810/install/turtlesim_plus_interfaces/lib:/home/phattanarat/FRA502-LAB-6810/install/controller_interfaces/lib:/home/phattanarat/ros2_ws/install/turtlesim_plus_interfaces/lib:/home/phattanarat/ros2_ws/install/lab1_interfaces/lib:/home/phattanarat/ros2_ws/install/examples_rclcpp_wait_set/lib:/home/phattanarat/ros2_ws/install/examples_rclcpp_minimal_subscriber/lib:/home/phattanarat/ros2_ws/install/examples_rclcpp_minimal_composition/lib:/home/phattanarat/turtlebot3_ws/install/turtlebot3_msgs/lib:/home/phattanarat/turtlebot3_ws/install/dynamixel_sdk_custom_interfaces/lib:/home/phattanarat/turtlebot3_ws/install/dynamixel_sdk/lib:/usr/lib/x86_64-linux-gnu/gazebo-11/plugins:/opt/ros/humble/opt/rviz_ogre_vendor/lib:/opt/ros/humble/lib/x86_64-linux-gnu:/opt/ros/humble/lib:/usr/lib/x86_64-linux-gnu/gazebo-11/plugins /usr/bin/cmake --build /home/phattanarat/onenight_ws/build/ros2_laser_scan_matcher -- -j12 -l12
[0.347s] DEBUG:colcon.colcon_core.event_handler.log_command:Invoked command in '/home/phattanarat/onenight_ws/build/ros2_laser_scan_matcher' returned '0': CMAKE_PREFIX_PATH=/home/phattanarat/onenight_ws/install/csm:/home/phattanarat/onenight_ws/install/ros2_laser_scan_matcher:/home/phattanarat/onenight_ws/install/scantest:/home/phattanarat/DEV_ws/install/my_bot:/home/phattanarat/DEV2_WS/install/articubot_one:/home/phattanarat/LIDAR/install/rplidar_ros:/home/phattanarat/LIDAR/install/first_lidar:/home/phattanarat/FRA502-LAB-6810/install/turtlesim_plus_interfaces:/home/phattanarat/FRA502-LAB-6810/install/turtlesim_plus:/home/phattanarat/FRA502-LAB-6810/install/lab3:/home/phattanarat/FRA502-LAB-6810/install/lab2:/home/phattanarat/FRA502-LAB-6810/install/controller_interfaces:/home/phattanarat/ros2_ws/install/turtlesim_plus_interfaces:/home/phattanarat/ros2_ws/install/turtlesim_plus:/home/phattanarat/ros2_ws/install/lecture2_ex1:/home/phattanarat/ros2_ws/install/lecture2:/home/phattanarat/ros2_ws/install/lab1_interfaces:/home/phattanarat/ros2_ws/install/lab1:/home/phattanarat/ros2_ws/install/examples_rclcpp_wait_set:/home/phattanarat/ros2_ws/install/examples_rclcpp_multithreaded_executor:/home/phattanarat/ros2_ws/install/examples_rclcpp_minimal_timer:/home/phattanarat/ros2_ws/install/examples_rclcpp_minimal_subscriber:/home/phattanarat/ros2_ws/install/examples_rclcpp_minimal_service:/home/phattanarat/ros2_ws/install/examples_rclcpp_minimal_publisher:/home/phattanarat/ros2_ws/install/examples_rclcpp_minimal_composition:/home/phattanarat/ros2_ws/install/examples_rclcpp_minimal_client:/home/phattanarat/ros2_ws/install/examples_rclcpp_minimal_action_server:/home/phattanarat/ros2_ws/install/examples_rclcpp_minimal_action_client:/home/phattanarat/ros2_ws/install/examples_rclcpp_cbg_executor:/home/phattanarat/ros2_ws/install/examples_rclcpp_async_client:/home/phattanarat/turtlebot3_ws/install/turtlebot3:/home/phattanarat/turtlebot3_ws/install/turtlebot3_bringup:/home/phattanarat/turtlebot3_ws/install/turtlebot3_node:/home/phattanarat/turtlebot3_ws/install/turtlebot3_navigation2:/home/phattanarat/turtlebot3_ws/install/turtlebot3_msgs:/home/phattanarat/turtlebot3_ws/install/turtlebot3_description:/home/phattanarat/turtlebot3_ws/install/turtlebot3_cartographer:/home/phattanarat/turtlebot3_ws/install/dynamixel_sdk_examples:/home/phattanarat/turtlebot3_ws/install/dynamixel_sdk_custom_interfaces:/home/phattanarat/turtlebot3_ws/install/dynamixel_sdk:/home/phattanarat/ros2_ws/install/launch_testing_examples:/home/phattanarat/ros2_ws/install/examples_rclpy_pointcloud_publisher:/home/phattanarat/ros2_ws/install/examples_rclpy_minimal_subscriber:/home/phattanarat/ros2_ws/install/examples_rclpy_minimal_service:/home/phattanarat/ros2_ws/install/examples_rclpy_minimal_publisher:/home/phattanarat/ros2_ws/install/examples_rclpy_minimal_client:/home/phattanarat/ros2_ws/install/examples_rclpy_minimal_action_server:/home/phattanarat/ros2_ws/install/examples_rclpy_minimal_action_client:/home/phattanarat/ros2_ws/install/examples_rclpy_guard_conditions:/home/phattanarat/ros2_ws/install/examples_rclpy_executors:/home/phattanarat/turtlebot3_ws/install/turtlebot3_teleop:/home/phattanarat/turtlebot3_ws/install/turtlebot3_example:/opt/ros/humble LD_LIBRARY_PATH=/home/phattanarat/onenight_ws/install/csm/lib:/home/phattanarat/FRA502-LAB-6810/install/turtlesim_plus_interfaces/lib:/home/phattanarat/FRA502-LAB-6810/install/controller_interfaces/lib:/home/phattanarat/ros2_ws/install/turtlesim_plus_interfaces/lib:/home/phattanarat/ros2_ws/install/lab1_interfaces/lib:/home/phattanarat/ros2_ws/install/examples_rclcpp_wait_set/lib:/home/phattanarat/ros2_ws/install/examples_rclcpp_minimal_subscriber/lib:/home/phattanarat/ros2_ws/install/examples_rclcpp_minimal_composition/lib:/home/phattanarat/turtlebot3_ws/install/turtlebot3_msgs/lib:/home/phattanarat/turtlebot3_ws/install/dynamixel_sdk_custom_interfaces/lib:/home/phattanarat/turtlebot3_ws/install/dynamixel_sdk/lib:/usr/lib/x86_64-linux-gnu/gazebo-11/plugins:/opt/ros/humble/opt/rviz_ogre_vendor/lib:/opt/ros/humble/lib/x86_64-linux-gnu:/opt/ros/humble/lib:/usr/lib/x86_64-linux-gnu/gazebo-11/plugins /usr/bin/cmake --build /home/phattanarat/onenight_ws/build/ros2_laser_scan_matcher -- -j12 -l12
[0.353s] DEBUG:colcon.colcon_core.event_handler.log_command:Invoking command in '/home/phattanarat/onenight_ws/build/ros2_laser_scan_matcher': CMAKE_PREFIX_PATH=/home/phattanarat/onenight_ws/install/csm:/home/phattanarat/onenight_ws/install/ros2_laser_scan_matcher:/home/phattanarat/onenight_ws/install/scantest:/home/phattanarat/DEV_ws/install/my_bot:/home/phattanarat/DEV2_WS/install/articubot_one:/home/phattanarat/LIDAR/install/rplidar_ros:/home/phattanarat/LIDAR/install/first_lidar:/home/phattanarat/FRA502-LAB-6810/install/turtlesim_plus_interfaces:/home/phattanarat/FRA502-LAB-6810/install/turtlesim_plus:/home/phattanarat/FRA502-LAB-6810/install/lab3:/home/phattanarat/FRA502-LAB-6810/install/lab2:/home/phattanarat/FRA502-LAB-6810/install/controller_interfaces:/home/phattanarat/ros2_ws/install/turtlesim_plus_interfaces:/home/phattanarat/ros2_ws/install/turtlesim_plus:/home/phattanarat/ros2_ws/install/lecture2_ex1:/home/phattanarat/ros2_ws/install/lecture2:/home/phattanarat/ros2_ws/install/lab1_interfaces:/home/phattanarat/ros2_ws/install/lab1:/home/phattanarat/ros2_ws/install/examples_rclcpp_wait_set:/home/phattanarat/ros2_ws/install/examples_rclcpp_multithreaded_executor:/home/phattanarat/ros2_ws/install/examples_rclcpp_minimal_timer:/home/phattanarat/ros2_ws/install/examples_rclcpp_minimal_subscriber:/home/phattanarat/ros2_ws/install/examples_rclcpp_minimal_service:/home/phattanarat/ros2_ws/install/examples_rclcpp_minimal_publisher:/home/phattanarat/ros2_ws/install/examples_rclcpp_minimal_composition:/home/phattanarat/ros2_ws/install/examples_rclcpp_minimal_client:/home/phattanarat/ros2_ws/install/examples_rclcpp_minimal_action_server:/home/phattanarat/ros2_ws/install/examples_rclcpp_minimal_action_client:/home/phattanarat/ros2_ws/install/examples_rclcpp_cbg_executor:/home/phattanarat/ros2_ws/install/examples_rclcpp_async_client:/home/phattanarat/turtlebot3_ws/install/turtlebot3:/home/phattanarat/turtlebot3_ws/install/turtlebot3_bringup:/home/phattanarat/turtlebot3_ws/install/turtlebot3_node:/home/phattanarat/turtlebot3_ws/install/turtlebot3_navigation2:/home/phattanarat/turtlebot3_ws/install/turtlebot3_msgs:/home/phattanarat/turtlebot3_ws/install/turtlebot3_description:/home/phattanarat/turtlebot3_ws/install/turtlebot3_cartographer:/home/phattanarat/turtlebot3_ws/install/dynamixel_sdk_examples:/home/phattanarat/turtlebot3_ws/install/dynamixel_sdk_custom_interfaces:/home/phattanarat/turtlebot3_ws/install/dynamixel_sdk:/home/phattanarat/ros2_ws/install/launch_testing_examples:/home/phattanarat/ros2_ws/install/examples_rclpy_pointcloud_publisher:/home/phattanarat/ros2_ws/install/examples_rclpy_minimal_subscriber:/home/phattanarat/ros2_ws/install/examples_rclpy_minimal_service:/home/phattanarat/ros2_ws/install/examples_rclpy_minimal_publisher:/home/phattanarat/ros2_ws/install/examples_rclpy_minimal_client:/home/phattanarat/ros2_ws/install/examples_rclpy_minimal_action_server:/home/phattanarat/ros2_ws/install/examples_rclpy_minimal_action_client:/home/phattanarat/ros2_ws/install/examples_rclpy_guard_conditions:/home/phattanarat/ros2_ws/install/examples_rclpy_executors:/home/phattanarat/turtlebot3_ws/install/turtlebot3_teleop:/home/phattanarat/turtlebot3_ws/install/turtlebot3_example:/opt/ros/humble LD_LIBRARY_PATH=/home/phattanarat/onenight_ws/install/csm/lib:/home/phattanarat/FRA502-LAB-6810/install/turtlesim_plus_interfaces/lib:/home/phattanarat/FRA502-LAB-6810/install/controller_interfaces/lib:/home/phattanarat/ros2_ws/install/turtlesim_plus_interfaces/lib:/home/phattanarat/ros2_ws/install/lab1_interfaces/lib:/home/phattanarat/ros2_ws/install/examples_rclcpp_wait_set/lib:/home/phattanarat/ros2_ws/install/examples_rclcpp_minimal_subscriber/lib:/home/phattanarat/ros2_ws/install/examples_rclcpp_minimal_composition/lib:/home/phattanarat/turtlebot3_ws/install/turtlebot3_msgs/lib:/home/phattanarat/turtlebot3_ws/install/dynamixel_sdk_custom_interfaces/lib:/home/phattanarat/turtlebot3_ws/install/dynamixel_sdk/lib:/usr/lib/x86_64-linux-gnu/gazebo-11/plugins:/opt/ros/humble/opt/rviz_ogre_vendor/lib:/opt/ros/humble/lib/x86_64-linux-gnu:/opt/ros/humble/lib:/usr/lib/x86_64-linux-gnu/gazebo-11/plugins /usr/bin/cmake --install /home/phattanarat/onenight_ws/build/ros2_laser_scan_matcher
[0.359s] Level 1:colcon.colcon_core.environment:create_environment_scripts_only(ros2_laser_scan_matcher)
[0.359s] DEBUG:colcon.colcon_core.event_handler.log_command:Invoked command in '/home/phattanarat/onenight_ws/build/ros2_laser_scan_matcher' returned '0': CMAKE_PREFIX_PATH=/home/phattanarat/onenight_ws/install/csm:/home/phattanarat/onenight_ws/install/ros2_laser_scan_matcher:/home/phattanarat/onenight_ws/install/scantest:/home/phattanarat/DEV_ws/install/my_bot:/home/phattanarat/DEV2_WS/install/articubot_one:/home/phattanarat/LIDAR/install/rplidar_ros:/home/phattanarat/LIDAR/install/first_lidar:/home/phattanarat/FRA502-LAB-6810/install/turtlesim_plus_interfaces:/home/phattanarat/FRA502-LAB-6810/install/turtlesim_plus:/home/phattanarat/FRA502-LAB-6810/install/lab3:/home/phattanarat/FRA502-LAB-6810/install/lab2:/home/phattanarat/FRA502-LAB-6810/install/controller_interfaces:/home/phattanarat/ros2_ws/install/turtlesim_plus_interfaces:/home/phattanarat/ros2_ws/install/turtlesim_plus:/home/phattanarat/ros2_ws/install/lecture2_ex1:/home/phattanarat/ros2_ws/install/lecture2:/home/phattanarat/ros2_ws/install/lab1_interfaces:/home/phattanarat/ros2_ws/install/lab1:/home/phattanarat/ros2_ws/install/examples_rclcpp_wait_set:/home/phattanarat/ros2_ws/install/examples_rclcpp_multithreaded_executor:/home/phattanarat/ros2_ws/install/examples_rclcpp_minimal_timer:/home/phattanarat/ros2_ws/install/examples_rclcpp_minimal_subscriber:/home/phattanarat/ros2_ws/install/examples_rclcpp_minimal_service:/home/phattanarat/ros2_ws/install/examples_rclcpp_minimal_publisher:/home/phattanarat/ros2_ws/install/examples_rclcpp_minimal_composition:/home/phattanarat/ros2_ws/install/examples_rclcpp_minimal_client:/home/phattanarat/ros2_ws/install/examples_rclcpp_minimal_action_server:/home/phattanarat/ros2_ws/install/examples_rclcpp_minimal_action_client:/home/phattanarat/ros2_ws/install/examples_rclcpp_cbg_executor:/home/phattanarat/ros2_ws/install/examples_rclcpp_async_client:/home/phattanarat/turtlebot3_ws/install/turtlebot3:/home/phattanarat/turtlebot3_ws/install/turtlebot3_bringup:/home/phattanarat/turtlebot3_ws/install/turtlebot3_node:/home/phattanarat/turtlebot3_ws/install/turtlebot3_navigation2:/home/phattanarat/turtlebot3_ws/install/turtlebot3_msgs:/home/phattanarat/turtlebot3_ws/install/turtlebot3_description:/home/phattanarat/turtlebot3_ws/install/turtlebot3_cartographer:/home/phattanarat/turtlebot3_ws/install/dynamixel_sdk_examples:/home/phattanarat/turtlebot3_ws/install/dynamixel_sdk_custom_interfaces:/home/phattanarat/turtlebot3_ws/install/dynamixel_sdk:/home/phattanarat/ros2_ws/install/launch_testing_examples:/home/phattanarat/ros2_ws/install/examples_rclpy_pointcloud_publisher:/home/phattanarat/ros2_ws/install/examples_rclpy_minimal_subscriber:/home/phattanarat/ros2_ws/install/examples_rclpy_minimal_service:/home/phattanarat/ros2_ws/install/examples_rclpy_minimal_publisher:/home/phattanarat/ros2_ws/install/examples_rclpy_minimal_client:/home/phattanarat/ros2_ws/install/examples_rclpy_minimal_action_server:/home/phattanarat/ros2_ws/install/examples_rclpy_minimal_action_client:/home/phattanarat/ros2_ws/install/examples_rclpy_guard_conditions:/home/phattanarat/ros2_ws/install/examples_rclpy_executors:/home/phattanarat/turtlebot3_ws/install/turtlebot3_teleop:/home/phattanarat/turtlebot3_ws/install/turtlebot3_example:/opt/ros/humble LD_LIBRARY_PATH=/home/phattanarat/onenight_ws/install/csm/lib:/home/phattanarat/FRA502-LAB-6810/install/turtlesim_plus_interfaces/lib:/home/phattanarat/FRA502-LAB-6810/install/controller_interfaces/lib:/home/phattanarat/ros2_ws/install/turtlesim_plus_interfaces/lib:/home/phattanarat/ros2_ws/install/lab1_interfaces/lib:/home/phattanarat/ros2_ws/install/examples_rclcpp_wait_set/lib:/home/phattanarat/ros2_ws/install/examples_rclcpp_minimal_subscriber/lib:/home/phattanarat/ros2_ws/install/examples_rclcpp_minimal_composition/lib:/home/phattanarat/turtlebot3_ws/install/turtlebot3_msgs/lib:/home/phattanarat/turtlebot3_ws/install/dynamixel_sdk_custom_interfaces/lib:/home/phattanarat/turtlebot3_ws/install/dynamixel_sdk/lib:/usr/lib/x86_64-linux-gnu/gazebo-11/plugins:/opt/ros/humble/opt/rviz_ogre_vendor/lib:/opt/ros/humble/lib/x86_64-linux-gnu:/opt/ros/humble/lib:/usr/lib/x86_64-linux-gnu/gazebo-11/plugins /usr/bin/cmake --install /home/phattanarat/onenight_ws/build/ros2_laser_scan_matcher
[0.361s] Level 1:colcon.colcon_core.environment:checking '/home/phattanarat/onenight_ws/install/ros2_laser_scan_matcher' for CMake module files
[0.361s] Level 1:colcon.colcon_core.environment:checking '/home/phattanarat/onenight_ws/install/ros2_laser_scan_matcher' for CMake config files
[0.361s] Level 1:colcon.colcon_core.shell:create_environment_hook('ros2_laser_scan_matcher', 'cmake_prefix_path')
[0.361s] INFO:colcon.colcon_core.shell:Creating environment hook '/home/phattanarat/onenight_ws/install/ros2_laser_scan_matcher/share/ros2_laser_scan_matcher/hook/cmake_prefix_path.ps1'
[0.362s] INFO:colcon.colcon_core.shell:Creating environment descriptor '/home/phattanarat/onenight_ws/install/ros2_laser_scan_matcher/share/ros2_laser_scan_matcher/hook/cmake_prefix_path.dsv'
[0.362s] INFO:colcon.colcon_core.shell:Creating environment hook '/home/phattanarat/onenight_ws/install/ros2_laser_scan_matcher/share/ros2_laser_scan_matcher/hook/cmake_prefix_path.sh'
[0.363s] Level 1:colcon.colcon_core.environment:checking '/home/phattanarat/onenight_ws/install/ros2_laser_scan_matcher/lib'
[0.363s] Level 1:colcon.colcon_core.environment:checking '/home/phattanarat/onenight_ws/install/ros2_laser_scan_matcher/bin'
[0.363s] Level 1:colcon.colcon_core.environment:checking '/home/phattanarat/onenight_ws/install/ros2_laser_scan_matcher/lib/pkgconfig/ros2_laser_scan_matcher.pc'
[0.363s] Level 1:colcon.colcon_core.environment:checking '/home/phattanarat/onenight_ws/install/ros2_laser_scan_matcher/lib/python3.10/site-packages'
[0.363s] Level 1:colcon.colcon_core.environment:checking '/home/phattanarat/onenight_ws/install/ros2_laser_scan_matcher/bin'
[0.363s] INFO:colcon.colcon_core.shell:Creating package script '/home/phattanarat/onenight_ws/install/ros2_laser_scan_matcher/share/ros2_laser_scan_matcher/package.ps1'
[0.364s] INFO:colcon.colcon_core.shell:Creating package descriptor '/home/phattanarat/onenight_ws/install/ros2_laser_scan_matcher/share/ros2_laser_scan_matcher/package.dsv'
[0.364s] INFO:colcon.colcon_core.shell:Creating package script '/home/phattanarat/onenight_ws/install/ros2_laser_scan_matcher/share/ros2_laser_scan_matcher/package.sh'
[0.364s] INFO:colcon.colcon_core.shell:Creating package script '/home/phattanarat/onenight_ws/install/ros2_laser_scan_matcher/share/ros2_laser_scan_matcher/package.bash'
[0.365s] INFO:colcon.colcon_core.shell:Creating package script '/home/phattanarat/onenight_ws/install/ros2_laser_scan_matcher/share/ros2_laser_scan_matcher/package.zsh'
[0.365s] Level 1:colcon.colcon_core.environment:create_file_with_runtime_dependencies(/home/phattanarat/onenight_ws/install/ros2_laser_scan_matcher/share/colcon-core/packages/ros2_laser_scan_matcher)
[0.366s] Level 1:colcon.colcon_core.environment:create_environment_scripts_only(ros2_laser_scan_matcher)
[0.366s] Level 1:colcon.colcon_core.environment:checking '/home/phattanarat/onenight_ws/install/ros2_laser_scan_matcher' for CMake module files
[0.366s] Level 1:colcon.colcon_core.environment:checking '/home/phattanarat/onenight_ws/install/ros2_laser_scan_matcher' for CMake config files
[0.366s] Level 1:colcon.colcon_core.shell:create_environment_hook('ros2_laser_scan_matcher', 'cmake_prefix_path')
[0.366s] INFO:colcon.colcon_core.shell:Creating environment hook '/home/phattanarat/onenight_ws/install/ros2_laser_scan_matcher/share/ros2_laser_scan_matcher/hook/cmake_prefix_path.ps1'
[0.366s] INFO:colcon.colcon_core.shell:Creating environment descriptor '/home/phattanarat/onenight_ws/install/ros2_laser_scan_matcher/share/ros2_laser_scan_matcher/hook/cmake_prefix_path.dsv'
[0.366s] INFO:colcon.colcon_core.shell:Creating environment hook '/home/phattanarat/onenight_ws/install/ros2_laser_scan_matcher/share/ros2_laser_scan_matcher/hook/cmake_prefix_path.sh'
[0.367s] Level 1:colcon.colcon_core.environment:checking '/home/phattanarat/onenight_ws/install/ros2_laser_scan_matcher/lib'
[0.367s] Level 1:colcon.colcon_core.environment:checking '/home/phattanarat/onenight_ws/install/ros2_laser_scan_matcher/bin'
[0.367s] Level 1:colcon.colcon_core.environment:checking '/home/phattanarat/onenight_ws/install/ros2_laser_scan_matcher/lib/pkgconfig/ros2_laser_scan_matcher.pc'
[0.367s] Level 1:colcon.colcon_core.environment:checking '/home/phattanarat/onenight_ws/install/ros2_laser_scan_matcher/lib/python3.10/site-packages'
[0.367s] Level 1:colcon.colcon_core.environment:checking '/home/phattanarat/onenight_ws/install/ros2_laser_scan_matcher/bin'
[0.367s] INFO:colcon.colcon_core.shell:Creating package script '/home/phattanarat/onenight_ws/install/ros2_laser_scan_matcher/share/ros2_laser_scan_matcher/package.ps1'
[0.368s] INFO:colcon.colcon_core.shell:Creating package descriptor '/home/phattanarat/onenight_ws/install/ros2_laser_scan_matcher/share/ros2_laser_scan_matcher/package.dsv'
[0.368s] INFO:colcon.colcon_core.shell:Creating package script '/home/phattanarat/onenight_ws/install/ros2_laser_scan_matcher/share/ros2_laser_scan_matcher/package.sh'
[0.368s] INFO:colcon.colcon_core.shell:Creating package script '/home/phattanarat/onenight_ws/install/ros2_laser_scan_matcher/share/ros2_laser_scan_matcher/package.bash'
[0.368s] INFO:colcon.colcon_core.shell:Creating package script '/home/phattanarat/onenight_ws/install/ros2_laser_scan_matcher/share/ros2_laser_scan_matcher/package.zsh'
[0.368s] Level 1:colcon.colcon_core.environment:create_file_with_runtime_dependencies(/home/phattanarat/onenight_ws/install/ros2_laser_scan_matcher/share/colcon-core/packages/ros2_laser_scan_matcher)
[0.369s] DEBUG:colcon.colcon_parallel_executor.executor.parallel:closing loop
[0.369s] DEBUG:colcon.colcon_parallel_executor.executor.parallel:loop closed
[0.369s] DEBUG:colcon.colcon_parallel_executor.executor.parallel:run_until_complete finished with '0'
[0.369s] DEBUG:colcon.colcon_core.event_reactor:joining thread
[0.372s] INFO:colcon.colcon_core.plugin_system:Skipping extension 'colcon_notification.desktop_notification.terminal_notifier': Not used on non-Darwin systems
[0.372s] INFO:colcon.colcon_core.plugin_system:Skipping extension 'colcon_notification.desktop_notification.win32': Not used on non-Windows systems
[0.372s] INFO:colcon.colcon_notification.desktop_notification:Sending desktop notification using 'notify2'
[0.379s] DEBUG:colcon.colcon_core.event_reactor:joined thread
[0.380s] INFO:colcon.colcon_core.shell:Creating prefix script '/home/phattanarat/onenight_ws/install/local_setup.ps1'
[0.380s] INFO:colcon.colcon_core.shell:Creating prefix util module '/home/phattanarat/onenight_ws/install/_local_setup_util_ps1.py'
[0.381s] INFO:colcon.colcon_core.shell:Creating prefix chain script '/home/phattanarat/onenight_ws/install/setup.ps1'
[0.383s] INFO:colcon.colcon_core.shell:Creating prefix script '/home/phattanarat/onenight_ws/install/local_setup.sh'
[0.383s] INFO:colcon.colcon_core.shell:Creating prefix util module '/home/phattanarat/onenight_ws/install/_local_setup_util_sh.py'
[0.384s] INFO:colcon.colcon_core.shell:Creating prefix chain script '/home/phattanarat/onenight_ws/install/setup.sh'
[0.385s] INFO:colcon.colcon_core.shell:Creating prefix script '/home/phattanarat/onenight_ws/install/local_setup.bash'
[0.386s] INFO:colcon.colcon_core.shell:Creating prefix chain script '/home/phattanarat/onenight_ws/install/setup.bash'
[0.387s] INFO:colcon.colcon_core.shell:Creating prefix script '/home/phattanarat/onenight_ws/install/local_setup.zsh'
[0.388s] INFO:colcon.colcon_core.shell:Creating prefix chain script '/home/phattanarat/onenight_ws/install/setup.zsh'
