[0.071s] DEBUG:colcon:Command line arguments: ['/usr/bin/colcon', 'build']
[0.071s] DEBUG:colcon:Parsed command line arguments: Namespace(log_base=None, log_level=None, verb_name='build', build_base='build', install_base='install', merge_install=False, symlink_install=False, test_result_base=None, continue_on_error=False, executor='parallel', parallel_workers=12, event_handlers=None, ignore_user_meta=False, metas=['./colcon.meta'], base_paths=['.'], packages_ignore=None, packages_ignore_regex=None, paths=None, packages_up_to=None, packages_up_to_regex=None, packages_above=None, packages_above_and_dependencies=None, packages_above_depth=None, packages_select_by_dep=None, packages_skip_by_dep=None, packages_skip_up_to=None, packages_select_build_failed=False, packages_skip_build_finished=False, packages_select_test_failures=False, packages_skip_test_passed=False, packages_select=None, packages_skip=None, packages_select_regex=None, packages_skip_regex=None, packages_start=None, packages_end=None, allow_overriding=[], cmake_args=None, cmake_target=None, cmake_target_skip_unavailable=False, cmake_clean_cache=False, cmake_clean_first=False, cmake_force_configure=False, ament_cmake_args=None, catkin_cmake_args=None, catkin_skip_building_tests=False, verb_parser=<colcon_defaults.argument_parser.defaults.DefaultArgumentsDecorator object at 0x7fb7643c4280>, verb_extension=<colcon_core.verb.build.BuildVerb object at 0x7fb76438bcd0>, main=<bound method BuildVerb.main of <colcon_core.verb.build.BuildVerb object at 0x7fb76438bcd0>>)
[0.201s] Level 1:colcon.colcon_core.package_discovery:discover_packages(colcon_meta) check parameters
[0.202s] Level 1:colcon.colcon_core.package_discovery:discover_packages(recursive) check parameters
[0.202s] Level 1:colcon.colcon_core.package_discovery:discover_packages(ignore) check parameters
[0.202s] Level 1:colcon.colcon_core.package_discovery:discover_packages(path) check parameters
[0.202s] Level 1:colcon.colcon_core.package_discovery:discover_packages(colcon_meta) discover
[0.202s] Level 1:colcon.colcon_core.package_discovery:discover_packages(recursive) discover
[0.202s] INFO:colcon.colcon_core.package_discovery:Crawling recursively for packages in '/home/phattanarat/onenight_ws'
[0.202s] Level 1:colcon.colcon_core.package_identification:_identify(.) by extensions ['ignore', 'ignore_ament_install']
[0.202s] Level 1:colcon.colcon_core.package_identification:_identify(.) by extension 'ignore'
[0.202s] Level 1:colcon.colcon_core.package_identification:_identify(.) by extension 'ignore_ament_install'
[0.202s] Level 1:colcon.colcon_core.package_identification:_identify(.) by extensions ['colcon_pkg']
[0.202s] Level 1:colcon.colcon_core.package_identification:_identify(.) by extension 'colcon_pkg'
[0.202s] Level 1:colcon.colcon_core.package_identification:_identify(.) by extensions ['colcon_meta']
[0.202s] Level 1:colcon.colcon_core.package_identification:_identify(.) by extension 'colcon_meta'
[0.202s] Level 1:colcon.colcon_core.package_identification:_identify(.) by extensions ['ros']
[0.202s] Level 1:colcon.colcon_core.package_identification:_identify(.) by extension 'ros'
[0.214s] Level 1:colcon.colcon_core.package_identification:_identify(.) by extensions ['cmake', 'python']
[0.214s] Level 1:colcon.colcon_core.package_identification:_identify(.) by extension 'cmake'
[0.214s] Level 1:colcon.colcon_core.package_identification:_identify(.) by extension 'python'
[0.214s] Level 1:colcon.colcon_core.package_identification:_identify(.) by extensions ['python_setup_py']
[0.214s] Level 1:colcon.colcon_core.package_identification:_identify(.) by extension 'python_setup_py'
[0.214s] Level 1:colcon.colcon_core.package_identification:_identify(build) by extensions ['ignore', 'ignore_ament_install']
[0.214s] Level 1:colcon.colcon_core.package_identification:_identify(build) by extension 'ignore'
[0.214s] Level 1:colcon.colcon_core.package_identification:_identify(build) ignored
[0.214s] Level 1:colcon.colcon_core.package_identification:_identify(install) by extensions ['ignore', 'ignore_ament_install']
[0.214s] Level 1:colcon.colcon_core.package_identification:_identify(install) by extension 'ignore'
[0.214s] Level 1:colcon.colcon_core.package_identification:_identify(install) ignored
[0.214s] Level 1:colcon.colcon_core.package_identification:_identify(log) by extensions ['ignore', 'ignore_ament_install']
[0.214s] Level 1:colcon.colcon_core.package_identification:_identify(log) by extension 'ignore'
[0.214s] Level 1:colcon.colcon_core.package_identification:_identify(log) ignored
[0.214s] Level 1:colcon.colcon_core.package_identification:_identify(src) by extensions ['ignore', 'ignore_ament_install']
[0.214s] Level 1:colcon.colcon_core.package_identification:_identify(src) by extension 'ignore'
[0.214s] Level 1:colcon.colcon_core.package_identification:_identify(src) by extension 'ignore_ament_install'
[0.215s] Level 1:colcon.colcon_core.package_identification:_identify(src) by extensions ['colcon_pkg']
[0.215s] Level 1:colcon.colcon_core.package_identification:_identify(src) by extension 'colcon_pkg'
[0.215s] Level 1:colcon.colcon_core.package_identification:_identify(src) by extensions ['colcon_meta']
[0.215s] Level 1:colcon.colcon_core.package_identification:_identify(src) by extension 'colcon_meta'
[0.215s] Level 1:colcon.colcon_core.package_identification:_identify(src) by extensions ['ros']
[0.215s] Level 1:colcon.colcon_core.package_identification:_identify(src) by extension 'ros'
[0.215s] Level 1:colcon.colcon_core.package_identification:_identify(src) by extensions ['cmake', 'python']
[0.215s] Level 1:colcon.colcon_core.package_identification:_identify(src) by extension 'cmake'
[0.215s] Level 1:colcon.colcon_core.package_identification:_identify(src) by extension 'python'
[0.215s] Level 1:colcon.colcon_core.package_identification:_identify(src) by extensions ['python_setup_py']
[0.215s] Level 1:colcon.colcon_core.package_identification:_identify(src) by extension 'python_setup_py'
[0.215s] Level 1:colcon.colcon_core.package_identification:_identify(src/csm) by extensions ['ignore', 'ignore_ament_install']
[0.215s] Level 1:colcon.colcon_core.package_identification:_identify(src/csm) by extension 'ignore'
[0.215s] Level 1:colcon.colcon_core.package_identification:_identify(src/csm) by extension 'ignore_ament_install'
[0.215s] Level 1:colcon.colcon_core.package_identification:_identify(src/csm) by extensions ['colcon_pkg']
[0.215s] Level 1:colcon.colcon_core.package_identification:_identify(src/csm) by extension 'colcon_pkg'
[0.215s] Level 1:colcon.colcon_core.package_identification:_identify(src/csm) by extensions ['colcon_meta']
[0.215s] Level 1:colcon.colcon_core.package_identification:_identify(src/csm) by extension 'colcon_meta'
[0.215s] Level 1:colcon.colcon_core.package_identification:_identify(src/csm) by extensions ['ros']
[0.215s] Level 1:colcon.colcon_core.package_identification:_identify(src/csm) by extension 'ros'
[0.217s] DEBUG:colcon.colcon_core.package_identification:Package 'src/csm' with type 'ros.ament_cmake' and name 'csm'
[0.217s] Level 1:colcon.colcon_core.package_identification:_identify(src/ros2_laser_scan_matcher) by extensions ['ignore', 'ignore_ament_install']
[0.217s] Level 1:colcon.colcon_core.package_identification:_identify(src/ros2_laser_scan_matcher) by extension 'ignore'
[0.217s] Level 1:colcon.colcon_core.package_identification:_identify(src/ros2_laser_scan_matcher) by extension 'ignore_ament_install'
[0.217s] Level 1:colcon.colcon_core.package_identification:_identify(src/ros2_laser_scan_matcher) by extensions ['colcon_pkg']
[0.217s] Level 1:colcon.colcon_core.package_identification:_identify(src/ros2_laser_scan_matcher) by extension 'colcon_pkg'
[0.217s] Level 1:colcon.colcon_core.package_identification:_identify(src/ros2_laser_scan_matcher) by extensions ['colcon_meta']
[0.217s] Level 1:colcon.colcon_core.package_identification:_identify(src/ros2_laser_scan_matcher) by extension 'colcon_meta'
[0.217s] Level 1:colcon.colcon_core.package_identification:_identify(src/ros2_laser_scan_matcher) by extensions ['ros']
[0.217s] Level 1:colcon.colcon_core.package_identification:_identify(src/ros2_laser_scan_matcher) by extension 'ros'
[0.217s] DEBUG:colcon.colcon_core.package_identification:Package 'src/ros2_laser_scan_matcher' with type 'ros.ament_cmake' and name 'ros2_laser_scan_matcher'
[0.217s] Level 1:colcon.colcon_core.package_identification:_identify(src/scantest) by extensions ['ignore', 'ignore_ament_install']
[0.217s] Level 1:colcon.colcon_core.package_identification:_identify(src/scantest) by extension 'ignore'
[0.217s] Level 1:colcon.colcon_core.package_identification:_identify(src/scantest) by extension 'ignore_ament_install'
[0.217s] Level 1:colcon.colcon_core.package_identification:_identify(src/scantest) by extensions ['colcon_pkg']
[0.217s] Level 1:colcon.colcon_core.package_identification:_identify(src/scantest) by extension 'colcon_pkg'
[0.217s] Level 1:colcon.colcon_core.package_identification:_identify(src/scantest) by extensions ['colcon_meta']
[0.218s] Level 1:colcon.colcon_core.package_identification:_identify(src/scantest) by extension 'colcon_meta'
[0.218s] Level 1:colcon.colcon_core.package_identification:_identify(src/scantest) by extensions ['ros']
[0.218s] Level 1:colcon.colcon_core.package_identification:_identify(src/scantest) by extension 'ros'
[0.218s] DEBUG:colcon.colcon_core.package_identification:Package 'src/scantest' with type 'ros.ament_cmake' and name 'scantest'
[0.218s] Level 1:colcon.colcon_core.package_discovery:discover_packages(recursive) using defaults
[0.218s] Level 1:colcon.colcon_core.package_discovery:discover_packages(ignore) discover
[0.218s] Level 1:colcon.colcon_core.package_discovery:discover_packages(ignore) using defaults
[0.218s] Level 1:colcon.colcon_core.package_discovery:discover_packages(path) discover
[0.218s] Level 1:colcon.colcon_core.package_discovery:discover_packages(path) using defaults
[0.232s] Level 1:colcon.colcon_core.package_discovery:discover_packages(prefix_path) check parameters
[0.232s] Level 1:colcon.colcon_core.package_discovery:discover_packages(prefix_path) discover
[0.234s] DEBUG:colcon.colcon_installed_package_information.package_discovery:Found 2 installed packages in /home/phattanarat/onenight_ws/install
[0.234s] DEBUG:colcon.colcon_installed_package_information.package_discovery:Found 12 installed packages in /home/phattanarat/turtlebot3_ws/install
[0.235s] DEBUG:colcon.colcon_installed_package_information.package_discovery:Found 1 installed packages in /home/phattanarat/DEV_ws/install
[0.235s] DEBUG:colcon.colcon_installed_package_information.package_discovery:Found 1 installed packages in /home/phattanarat/DEV2_WS/install
[0.235s] DEBUG:colcon.colcon_installed_package_information.package_discovery:Found 2 installed packages in /home/phattanarat/LIDAR/install
[0.235s] DEBUG:colcon.colcon_installed_package_information.package_discovery:Found 5 installed packages in /home/phattanarat/FRA502-LAB-6810/install
[0.236s] DEBUG:colcon.colcon_installed_package_information.package_discovery:Found 28 installed packages in /home/phattanarat/ros2_ws/install
[0.237s] DEBUG:colcon.colcon_installed_package_information.package_discovery:Found 542 installed packages in /opt/ros/humble
[0.240s] Level 1:colcon.colcon_core.package_discovery:discover_packages(prefix_path) using defaults
[0.280s] Level 5:colcon.colcon_core.verb:set package 'csm' build argument 'cmake_args' from command line to 'None'
[0.280s] Level 5:colcon.colcon_core.verb:set package 'csm' build argument 'cmake_target' from command line to 'None'
[0.280s] Level 5:colcon.colcon_core.verb:set package 'csm' build argument 'cmake_target_skip_unavailable' from command line to 'False'
[0.280s] Level 5:colcon.colcon_core.verb:set package 'csm' build argument 'cmake_clean_cache' from command line to 'False'
[0.280s] Level 5:colcon.colcon_core.verb:set package 'csm' build argument 'cmake_clean_first' from command line to 'False'
[0.280s] Level 5:colcon.colcon_core.verb:set package 'csm' build argument 'cmake_force_configure' from command line to 'False'
[0.280s] Level 5:colcon.colcon_core.verb:set package 'csm' build argument 'ament_cmake_args' from command line to 'None'
[0.280s] Level 5:colcon.colcon_core.verb:set package 'csm' build argument 'catkin_cmake_args' from command line to 'None'
[0.281s] Level 5:colcon.colcon_core.verb:set package 'csm' build argument 'catkin_skip_building_tests' from command line to 'False'
[0.281s] DEBUG:colcon.colcon_core.verb:Building package 'csm' with the following arguments: {'ament_cmake_args': None, 'build_base': '/home/phattanarat/onenight_ws/build/csm', 'catkin_cmake_args': None, 'catkin_skip_building_tests': False, 'cmake_args': None, 'cmake_clean_cache': False, 'cmake_clean_first': False, 'cmake_force_configure': False, 'cmake_target': None, 'cmake_target_skip_unavailable': False, 'install_base': '/home/phattanarat/onenight_ws/install/csm', 'merge_install': False, 'path': '/home/phattanarat/onenight_ws/src/csm', 'symlink_install': False, 'test_result_base': None}
[0.281s] Level 5:colcon.colcon_core.verb:set package 'scantest' build argument 'cmake_args' from command line to 'None'
[0.281s] Level 5:colcon.colcon_core.verb:set package 'scantest' build argument 'cmake_target' from command line to 'None'
[0.281s] Level 5:colcon.colcon_core.verb:set package 'scantest' build argument 'cmake_target_skip_unavailable' from command line to 'False'
[0.281s] Level 5:colcon.colcon_core.verb:set package 'scantest' build argument 'cmake_clean_cache' from command line to 'False'
[0.281s] Level 5:colcon.colcon_core.verb:set package 'scantest' build argument 'cmake_clean_first' from command line to 'False'
[0.281s] Level 5:colcon.colcon_core.verb:set package 'scantest' build argument 'cmake_force_configure' from command line to 'False'
[0.281s] Level 5:colcon.colcon_core.verb:set package 'scantest' build argument 'ament_cmake_args' from command line to 'None'
[0.281s] Level 5:colcon.colcon_core.verb:set package 'scantest' build argument 'catkin_cmake_args' from command line to 'None'
[0.281s] Level 5:colcon.colcon_core.verb:set package 'scantest' build argument 'catkin_skip_building_tests' from command line to 'False'
[0.281s] DEBUG:colcon.colcon_core.verb:Building package 'scantest' with the following arguments: {'ament_cmake_args': None, 'build_base': '/home/phattanarat/onenight_ws/build/scantest', 'catkin_cmake_args': None, 'catkin_skip_building_tests': False, 'cmake_args': None, 'cmake_clean_cache': False, 'cmake_clean_first': False, 'cmake_force_configure': False, 'cmake_target': None, 'cmake_target_skip_unavailable': False, 'install_base': '/home/phattanarat/onenight_ws/install/scantest', 'merge_install': False, 'path': '/home/phattanarat/onenight_ws/src/scantest', 'symlink_install': False, 'test_result_base': None}
[0.281s] Level 5:colcon.colcon_core.verb:set package 'ros2_laser_scan_matcher' build argument 'cmake_args' from command line to 'None'
[0.281s] Level 5:colcon.colcon_core.verb:set package 'ros2_laser_scan_matcher' build argument 'cmake_target' from command line to 'None'
[0.281s] Level 5:colcon.colcon_core.verb:set package 'ros2_laser_scan_matcher' build argument 'cmake_target_skip_unavailable' from command line to 'False'
[0.281s] Level 5:colcon.colcon_core.verb:set package 'ros2_laser_scan_matcher' build argument 'cmake_clean_cache' from command line to 'False'
[0.281s] Level 5:colcon.colcon_core.verb:set package 'ros2_laser_scan_matcher' build argument 'cmake_clean_first' from command line to 'False'
[0.281s] Level 5:colcon.colcon_core.verb:set package 'ros2_laser_scan_matcher' build argument 'cmake_force_configure' from command line to 'False'
[0.281s] Level 5:colcon.colcon_core.verb:set package 'ros2_laser_scan_matcher' build argument 'ament_cmake_args' from command line to 'None'
[0.281s] Level 5:colcon.colcon_core.verb:set package 'ros2_laser_scan_matcher' build argument 'catkin_cmake_args' from command line to 'None'
[0.281s] Level 5:colcon.colcon_core.verb:set package 'ros2_laser_scan_matcher' build argument 'catkin_skip_building_tests' from command line to 'False'
[0.281s] DEBUG:colcon.colcon_core.verb:Building package 'ros2_laser_scan_matcher' with the following arguments: {'ament_cmake_args': None, 'build_base': '/home/phattanarat/onenight_ws/build/ros2_laser_scan_matcher', 'catkin_cmake_args': None, 'catkin_skip_building_tests': False, 'cmake_args': None, 'cmake_clean_cache': False, 'cmake_clean_first': False, 'cmake_force_configure': False, 'cmake_target': None, 'cmake_target_skip_unavailable': False, 'install_base': '/home/phattanarat/onenight_ws/install/ros2_laser_scan_matcher', 'merge_install': False, 'path': '/home/phattanarat/onenight_ws/src/ros2_laser_scan_matcher', 'symlink_install': False, 'test_result_base': None}
[0.281s] INFO:colcon.colcon_core.executor:Executing jobs using 'parallel' executor
[0.282s] DEBUG:colcon.colcon_parallel_executor.executor.parallel:run_until_complete
[0.282s] INFO:colcon.colcon_ros.task.ament_cmake.build:Building ROS package in '/home/phattanarat/onenight_ws/src/csm' with build type 'ament_cmake'
[0.282s] INFO:colcon.colcon_cmake.task.cmake.build:Building CMake package in '/home/phattanarat/onenight_ws/src/csm'
[0.284s] INFO:colcon.colcon_core.plugin_system:Skipping extension 'colcon_core.shell.bat': Not used on non-Windows systems
[0.284s] INFO:colcon.colcon_core.shell:Skip shell extension 'powershell' for command environment: Not usable outside of PowerShell
[0.284s] DEBUG:colcon.colcon_core.shell:Skip shell extension 'dsv' for command environment
[0.289s] INFO:colcon.colcon_ros.task.ament_cmake.build:Building ROS package in '/home/phattanarat/onenight_ws/src/scantest' with build type 'ament_cmake'
[0.289s] INFO:colcon.colcon_cmake.task.cmake.build:Building CMake package in '/home/phattanarat/onenight_ws/src/scantest'
[0.289s] INFO:colcon.colcon_core.shell:Skip shell extension 'powershell' for command environment: Not usable outside of PowerShell
[0.289s] DEBUG:colcon.colcon_core.shell:Skip shell extension 'dsv' for command environment
[0.296s] DEBUG:colcon.colcon_core.event_handler.log_command:Invoking command in '/home/phattanarat/onenight_ws/build/csm': CMAKE_PREFIX_PATH=${CMAKE_PREFIX_PATH}:/home/phattanarat/ros2_ws/install/launch_testing_examples:/home/phattanarat/ros2_ws/install/examples_rclpy_pointcloud_publisher:/home/phattanarat/ros2_ws/install/examples_rclpy_minimal_subscriber:/home/phattanarat/ros2_ws/install/examples_rclpy_minimal_service:/home/phattanarat/ros2_ws/install/examples_rclpy_minimal_publisher:/home/phattanarat/ros2_ws/install/examples_rclpy_minimal_client:/home/phattanarat/ros2_ws/install/examples_rclpy_minimal_action_server:/home/phattanarat/ros2_ws/install/examples_rclpy_minimal_action_client:/home/phattanarat/ros2_ws/install/examples_rclpy_guard_conditions:/home/phattanarat/ros2_ws/install/examples_rclpy_executors:/home/phattanarat/turtlebot3_ws/install/turtlebot3_teleop:/home/phattanarat/turtlebot3_ws/install/turtlebot3_example:/opt/ros/humble /usr/bin/cmake /home/phattanarat/onenight_ws/src/csm -DCMAKE_INSTALL_PREFIX=/home/phattanarat/onenight_ws/install/csm
[0.299s] DEBUG:colcon.colcon_core.event_handler.log_command:Invoking command in '/home/phattanarat/onenight_ws/build/scantest': CMAKE_PREFIX_PATH=${CMAKE_PREFIX_PATH}:/home/phattanarat/ros2_ws/install/launch_testing_examples:/home/phattanarat/ros2_ws/install/examples_rclpy_pointcloud_publisher:/home/phattanarat/ros2_ws/install/examples_rclpy_minimal_subscriber:/home/phattanarat/ros2_ws/install/examples_rclpy_minimal_service:/home/phattanarat/ros2_ws/install/examples_rclpy_minimal_publisher:/home/phattanarat/ros2_ws/install/examples_rclpy_minimal_client:/home/phattanarat/ros2_ws/install/examples_rclpy_minimal_action_server:/home/phattanarat/ros2_ws/install/examples_rclpy_minimal_action_client:/home/phattanarat/ros2_ws/install/examples_rclpy_guard_conditions:/home/phattanarat/ros2_ws/install/examples_rclpy_executors:/home/phattanarat/turtlebot3_ws/install/turtlebot3_teleop:/home/phattanarat/turtlebot3_ws/install/turtlebot3_example:/opt/ros/humble /usr/bin/cmake --build /home/phattanarat/onenight_ws/build/scantest -- -j12 -l12
[0.568s] DEBUG:colcon.colcon_core.event_handler.log_command:Invoked command in '/home/phattanarat/onenight_ws/build/scantest' returned '0': CMAKE_PREFIX_PATH=${CMAKE_PREFIX_PATH}:/home/phattanarat/ros2_ws/install/launch_testing_examples:/home/phattanarat/ros2_ws/install/examples_rclpy_pointcloud_publisher:/home/phattanarat/ros2_ws/install/examples_rclpy_minimal_subscriber:/home/phattanarat/ros2_ws/install/examples_rclpy_minimal_service:/home/phattanarat/ros2_ws/install/examples_rclpy_minimal_publisher:/home/phattanarat/ros2_ws/install/examples_rclpy_minimal_client:/home/phattanarat/ros2_ws/install/examples_rclpy_minimal_action_server:/home/phattanarat/ros2_ws/install/examples_rclpy_minimal_action_client:/home/phattanarat/ros2_ws/install/examples_rclpy_guard_conditions:/home/phattanarat/ros2_ws/install/examples_rclpy_executors:/home/phattanarat/turtlebot3_ws/install/turtlebot3_teleop:/home/phattanarat/turtlebot3_ws/install/turtlebot3_example:/opt/ros/humble /usr/bin/cmake --build /home/phattanarat/onenight_ws/build/scantest -- -j12 -l12
[0.575s] DEBUG:colcon.colcon_core.event_handler.log_command:Invoking command in '/home/phattanarat/onenight_ws/build/scantest': CMAKE_PREFIX_PATH=${CMAKE_PREFIX_PATH}:/home/phattanarat/ros2_ws/install/launch_testing_examples:/home/phattanarat/ros2_ws/install/examples_rclpy_pointcloud_publisher:/home/phattanarat/ros2_ws/install/examples_rclpy_minimal_subscriber:/home/phattanarat/ros2_ws/install/examples_rclpy_minimal_service:/home/phattanarat/ros2_ws/install/examples_rclpy_minimal_publisher:/home/phattanarat/ros2_ws/install/examples_rclpy_minimal_client:/home/phattanarat/ros2_ws/install/examples_rclpy_minimal_action_server:/home/phattanarat/ros2_ws/install/examples_rclpy_minimal_action_client:/home/phattanarat/ros2_ws/install/examples_rclpy_guard_conditions:/home/phattanarat/ros2_ws/install/examples_rclpy_executors:/home/phattanarat/turtlebot3_ws/install/turtlebot3_teleop:/home/phattanarat/turtlebot3_ws/install/turtlebot3_example:/opt/ros/humble /usr/bin/cmake --install /home/phattanarat/onenight_ws/build/scantest
[0.613s] Level 1:colcon.colcon_core.environment:create_environment_scripts_only(scantest)
[0.614s] DEBUG:colcon.colcon_core.event_handler.log_command:Invoked command in '/home/phattanarat/onenight_ws/build/scantest' returned '0': CMAKE_PREFIX_PATH=${CMAKE_PREFIX_PATH}:/home/phattanarat/ros2_ws/install/launch_testing_examples:/home/phattanarat/ros2_ws/install/examples_rclpy_pointcloud_publisher:/home/phattanarat/ros2_ws/install/examples_rclpy_minimal_subscriber:/home/phattanarat/ros2_ws/install/examples_rclpy_minimal_service:/home/phattanarat/ros2_ws/install/examples_rclpy_minimal_publisher:/home/phattanarat/ros2_ws/install/examples_rclpy_minimal_client:/home/phattanarat/ros2_ws/install/examples_rclpy_minimal_action_server:/home/phattanarat/ros2_ws/install/examples_rclpy_minimal_action_client:/home/phattanarat/ros2_ws/install/examples_rclpy_guard_conditions:/home/phattanarat/ros2_ws/install/examples_rclpy_executors:/home/phattanarat/turtlebot3_ws/install/turtlebot3_teleop:/home/phattanarat/turtlebot3_ws/install/turtlebot3_example:/opt/ros/humble /usr/bin/cmake --install /home/phattanarat/onenight_ws/build/scantest
[0.615s] Level 1:colcon.colcon_core.environment:checking '/home/phattanarat/onenight_ws/install/scantest' for CMake module files
[0.615s] Level 1:colcon.colcon_core.environment:checking '/home/phattanarat/onenight_ws/install/scantest' for CMake config files
[0.615s] Level 1:colcon.colcon_core.shell:create_environment_hook('scantest', 'cmake_prefix_path')
[0.615s] INFO:colcon.colcon_core.shell:Creating environment hook '/home/phattanarat/onenight_ws/install/scantest/share/scantest/hook/cmake_prefix_path.ps1'
[0.616s] INFO:colcon.colcon_core.shell:Creating environment descriptor '/home/phattanarat/onenight_ws/install/scantest/share/scantest/hook/cmake_prefix_path.dsv'
[0.616s] INFO:colcon.colcon_core.shell:Creating environment hook '/home/phattanarat/onenight_ws/install/scantest/share/scantest/hook/cmake_prefix_path.sh'
[0.617s] Level 1:colcon.colcon_core.environment:checking '/home/phattanarat/onenight_ws/install/scantest/lib'
[0.617s] Level 1:colcon.colcon_core.environment:checking '/home/phattanarat/onenight_ws/install/scantest/bin'
[0.617s] Level 1:colcon.colcon_core.environment:checking '/home/phattanarat/onenight_ws/install/scantest/lib/pkgconfig/scantest.pc'
[0.617s] Level 1:colcon.colcon_core.environment:checking '/home/phattanarat/onenight_ws/install/scantest/lib/python3.10/site-packages'
[0.617s] Level 1:colcon.colcon_core.environment:checking '/home/phattanarat/onenight_ws/install/scantest/bin'
[0.617s] INFO:colcon.colcon_core.shell:Creating package script '/home/phattanarat/onenight_ws/install/scantest/share/scantest/package.ps1'
[0.618s] INFO:colcon.colcon_core.shell:Creating package descriptor '/home/phattanarat/onenight_ws/install/scantest/share/scantest/package.dsv'
[0.618s] INFO:colcon.colcon_core.shell:Creating package script '/home/phattanarat/onenight_ws/install/scantest/share/scantest/package.sh'
[0.619s] INFO:colcon.colcon_core.shell:Creating package script '/home/phattanarat/onenight_ws/install/scantest/share/scantest/package.bash'
[0.619s] INFO:colcon.colcon_core.shell:Creating package script '/home/phattanarat/onenight_ws/install/scantest/share/scantest/package.zsh'
[0.619s] Level 1:colcon.colcon_core.environment:create_file_with_runtime_dependencies(/home/phattanarat/onenight_ws/install/scantest/share/colcon-core/packages/scantest)
[0.620s] Level 1:colcon.colcon_core.environment:create_environment_scripts_only(scantest)
[0.620s] Level 1:colcon.colcon_core.environment:checking '/home/phattanarat/onenight_ws/install/scantest' for CMake module files
[0.620s] Level 1:colcon.colcon_core.environment:checking '/home/phattanarat/onenight_ws/install/scantest' for CMake config files
[0.620s] Level 1:colcon.colcon_core.shell:create_environment_hook('scantest', 'cmake_prefix_path')
[0.620s] INFO:colcon.colcon_core.shell:Creating environment hook '/home/phattanarat/onenight_ws/install/scantest/share/scantest/hook/cmake_prefix_path.ps1'
[0.621s] INFO:colcon.colcon_core.shell:Creating environment descriptor '/home/phattanarat/onenight_ws/install/scantest/share/scantest/hook/cmake_prefix_path.dsv'
[0.621s] INFO:colcon.colcon_core.shell:Creating environment hook '/home/phattanarat/onenight_ws/install/scantest/share/scantest/hook/cmake_prefix_path.sh'
[0.621s] Level 1:colcon.colcon_core.environment:checking '/home/phattanarat/onenight_ws/install/scantest/lib'
[0.621s] Level 1:colcon.colcon_core.environment:checking '/home/phattanarat/onenight_ws/install/scantest/bin'
[0.621s] Level 1:colcon.colcon_core.environment:checking '/home/phattanarat/onenight_ws/install/scantest/lib/pkgconfig/scantest.pc'
[0.621s] Level 1:colcon.colcon_core.environment:checking '/home/phattanarat/onenight_ws/install/scantest/lib/python3.10/site-packages'
[0.622s] Level 1:colcon.colcon_core.environment:checking '/home/phattanarat/onenight_ws/install/scantest/bin'
[0.622s] INFO:colcon.colcon_core.shell:Creating package script '/home/phattanarat/onenight_ws/install/scantest/share/scantest/package.ps1'
[0.622s] INFO:colcon.colcon_core.shell:Creating package descriptor '/home/phattanarat/onenight_ws/install/scantest/share/scantest/package.dsv'
[0.622s] INFO:colcon.colcon_core.shell:Creating package script '/home/phattanarat/onenight_ws/install/scantest/share/scantest/package.sh'
[0.623s] INFO:colcon.colcon_core.shell:Creating package script '/home/phattanarat/onenight_ws/install/scantest/share/scantest/package.bash'
[0.623s] INFO:colcon.colcon_core.shell:Creating package script '/home/phattanarat/onenight_ws/install/scantest/share/scantest/package.zsh'
[0.623s] Level 1:colcon.colcon_core.environment:create_file_with_runtime_dependencies(/home/phattanarat/onenight_ws/install/scantest/share/colcon-core/packages/scantest)
[1.286s] DEBUG:colcon.colcon_core.event_handler.log_command:Invoked command in '/home/phattanarat/onenight_ws/build/csm' returned '0': CMAKE_PREFIX_PATH=${CMAKE_PREFIX_PATH}:/home/phattanarat/ros2_ws/install/launch_testing_examples:/home/phattanarat/ros2_ws/install/examples_rclpy_pointcloud_publisher:/home/phattanarat/ros2_ws/install/examples_rclpy_minimal_subscriber:/home/phattanarat/ros2_ws/install/examples_rclpy_minimal_service:/home/phattanarat/ros2_ws/install/examples_rclpy_minimal_publisher:/home/phattanarat/ros2_ws/install/examples_rclpy_minimal_client:/home/phattanarat/ros2_ws/install/examples_rclpy_minimal_action_server:/home/phattanarat/ros2_ws/install/examples_rclpy_minimal_action_client:/home/phattanarat/ros2_ws/install/examples_rclpy_guard_conditions:/home/phattanarat/ros2_ws/install/examples_rclpy_executors:/home/phattanarat/turtlebot3_ws/install/turtlebot3_teleop:/home/phattanarat/turtlebot3_ws/install/turtlebot3_example:/opt/ros/humble /usr/bin/cmake /home/phattanarat/onenight_ws/src/csm -DCMAKE_INSTALL_PREFIX=/home/phattanarat/onenight_ws/install/csm
[1.286s] DEBUG:colcon.colcon_core.event_handler.log_command:Invoking command in '/home/phattanarat/onenight_ws/build/csm': CMAKE_PREFIX_PATH=${CMAKE_PREFIX_PATH}:/home/phattanarat/ros2_ws/install/launch_testing_examples:/home/phattanarat/ros2_ws/install/examples_rclpy_pointcloud_publisher:/home/phattanarat/ros2_ws/install/examples_rclpy_minimal_subscriber:/home/phattanarat/ros2_ws/install/examples_rclpy_minimal_service:/home/phattanarat/ros2_ws/install/examples_rclpy_minimal_publisher:/home/phattanarat/ros2_ws/install/examples_rclpy_minimal_client:/home/phattanarat/ros2_ws/install/examples_rclpy_minimal_action_server:/home/phattanarat/ros2_ws/install/examples_rclpy_minimal_action_client:/home/phattanarat/ros2_ws/install/examples_rclpy_guard_conditions:/home/phattanarat/ros2_ws/install/examples_rclpy_executors:/home/phattanarat/turtlebot3_ws/install/turtlebot3_teleop:/home/phattanarat/turtlebot3_ws/install/turtlebot3_example:/opt/ros/humble /usr/bin/cmake --build /home/phattanarat/onenight_ws/build/csm -- -j12 -l12
[10.899s] DEBUG:colcon.colcon_core.event_handler.log_command:Invoked command in '/home/phattanarat/onenight_ws/build/csm' returned '0': CMAKE_PREFIX_PATH=${CMAKE_PREFIX_PATH}:/home/phattanarat/ros2_ws/install/launch_testing_examples:/home/phattanarat/ros2_ws/install/examples_rclpy_pointcloud_publisher:/home/phattanarat/ros2_ws/install/examples_rclpy_minimal_subscriber:/home/phattanarat/ros2_ws/install/examples_rclpy_minimal_service:/home/phattanarat/ros2_ws/install/examples_rclpy_minimal_publisher:/home/phattanarat/ros2_ws/install/examples_rclpy_minimal_client:/home/phattanarat/ros2_ws/install/examples_rclpy_minimal_action_server:/home/phattanarat/ros2_ws/install/examples_rclpy_minimal_action_client:/home/phattanarat/ros2_ws/install/examples_rclpy_guard_conditions:/home/phattanarat/ros2_ws/install/examples_rclpy_executors:/home/phattanarat/turtlebot3_ws/install/turtlebot3_teleop:/home/phattanarat/turtlebot3_ws/install/turtlebot3_example:/opt/ros/humble /usr/bin/cmake --build /home/phattanarat/onenight_ws/build/csm -- -j12 -l12
[10.900s] DEBUG:colcon.colcon_core.event_handler.log_command:Invoking command in '/home/phattanarat/onenight_ws/build/csm': CMAKE_PREFIX_PATH=${CMAKE_PREFIX_PATH}:/home/phattanarat/ros2_ws/install/launch_testing_examples:/home/phattanarat/ros2_ws/install/examples_rclpy_pointcloud_publisher:/home/phattanarat/ros2_ws/install/examples_rclpy_minimal_subscriber:/home/phattanarat/ros2_ws/install/examples_rclpy_minimal_service:/home/phattanarat/ros2_ws/install/examples_rclpy_minimal_publisher:/home/phattanarat/ros2_ws/install/examples_rclpy_minimal_client:/home/phattanarat/ros2_ws/install/examples_rclpy_minimal_action_server:/home/phattanarat/ros2_ws/install/examples_rclpy_minimal_action_client:/home/phattanarat/ros2_ws/install/examples_rclpy_guard_conditions:/home/phattanarat/ros2_ws/install/examples_rclpy_executors:/home/phattanarat/turtlebot3_ws/install/turtlebot3_teleop:/home/phattanarat/turtlebot3_ws/install/turtlebot3_example:/opt/ros/humble /usr/bin/cmake --install /home/phattanarat/onenight_ws/build/csm
[10.912s] Level 1:colcon.colcon_core.environment:create_environment_scripts_only(csm)
[10.912s] Level 1:colcon.colcon_core.environment:checking '/home/phattanarat/onenight_ws/install/csm' for CMake module files
[10.912s] DEBUG:colcon.colcon_core.event_handler.log_command:Invoked command in '/home/phattanarat/onenight_ws/build/csm' returned '0': CMAKE_PREFIX_PATH=${CMAKE_PREFIX_PATH}:/home/phattanarat/ros2_ws/install/launch_testing_examples:/home/phattanarat/ros2_ws/install/examples_rclpy_pointcloud_publisher:/home/phattanarat/ros2_ws/install/examples_rclpy_minimal_subscriber:/home/phattanarat/ros2_ws/install/examples_rclpy_minimal_service:/home/phattanarat/ros2_ws/install/examples_rclpy_minimal_publisher:/home/phattanarat/ros2_ws/install/examples_rclpy_minimal_client:/home/phattanarat/ros2_ws/install/examples_rclpy_minimal_action_server:/home/phattanarat/ros2_ws/install/examples_rclpy_minimal_action_client:/home/phattanarat/ros2_ws/install/examples_rclpy_guard_conditions:/home/phattanarat/ros2_ws/install/examples_rclpy_executors:/home/phattanarat/turtlebot3_ws/install/turtlebot3_teleop:/home/phattanarat/turtlebot3_ws/install/turtlebot3_example:/opt/ros/humble /usr/bin/cmake --install /home/phattanarat/onenight_ws/build/csm
[10.913s] Level 1:colcon.colcon_core.environment:checking '/home/phattanarat/onenight_ws/install/csm' for CMake config files
[10.913s] Level 1:colcon.colcon_core.shell:create_environment_hook('csm', 'cmake_prefix_path')
[10.913s] INFO:colcon.colcon_core.shell:Creating environment hook '/home/phattanarat/onenight_ws/install/csm/share/csm/hook/cmake_prefix_path.ps1'
[10.913s] INFO:colcon.colcon_core.shell:Creating environment descriptor '/home/phattanarat/onenight_ws/install/csm/share/csm/hook/cmake_prefix_path.dsv'
[10.913s] INFO:colcon.colcon_core.shell:Creating environment hook '/home/phattanarat/onenight_ws/install/csm/share/csm/hook/cmake_prefix_path.sh'
[10.914s] Level 1:colcon.colcon_core.environment:checking '/home/phattanarat/onenight_ws/install/csm/lib'
[10.914s] Level 1:colcon.colcon_core.shell:create_environment_hook('csm', 'ld_library_path_lib')
[10.914s] INFO:colcon.colcon_core.shell:Creating environment hook '/home/phattanarat/onenight_ws/install/csm/share/csm/hook/ld_library_path_lib.ps1'
[10.914s] INFO:colcon.colcon_core.shell:Creating environment descriptor '/home/phattanarat/onenight_ws/install/csm/share/csm/hook/ld_library_path_lib.dsv'
[10.914s] INFO:colcon.colcon_core.shell:Creating environment hook '/home/phattanarat/onenight_ws/install/csm/share/csm/hook/ld_library_path_lib.sh'
[10.914s] Level 1:colcon.colcon_core.environment:checking '/home/phattanarat/onenight_ws/install/csm/bin'
[10.914s] Level 1:colcon.colcon_core.environment:checking '/home/phattanarat/onenight_ws/install/csm/lib/pkgconfig/csm.pc'
[10.914s] Level 1:colcon.colcon_core.environment:checking '/home/phattanarat/onenight_ws/install/csm/lib/python3.10/site-packages'
[10.915s] Level 1:colcon.colcon_core.environment:checking '/home/phattanarat/onenight_ws/install/csm/bin'
[10.915s] INFO:colcon.colcon_core.shell:Creating package script '/home/phattanarat/onenight_ws/install/csm/share/csm/package.ps1'
[10.915s] INFO:colcon.colcon_core.shell:Creating package descriptor '/home/phattanarat/onenight_ws/install/csm/share/csm/package.dsv'
[10.915s] INFO:colcon.colcon_core.shell:Creating package script '/home/phattanarat/onenight_ws/install/csm/share/csm/package.sh'
[10.916s] INFO:colcon.colcon_core.shell:Creating package script '/home/phattanarat/onenight_ws/install/csm/share/csm/package.bash'
[10.916s] INFO:colcon.colcon_core.shell:Creating package script '/home/phattanarat/onenight_ws/install/csm/share/csm/package.zsh'
[10.916s] Level 1:colcon.colcon_core.environment:create_file_with_runtime_dependencies(/home/phattanarat/onenight_ws/install/csm/share/colcon-core/packages/csm)
[10.916s] Level 1:colcon.colcon_core.environment:create_environment_scripts_only(csm)
[10.916s] Level 1:colcon.colcon_core.environment:checking '/home/phattanarat/onenight_ws/install/csm' for CMake module files
[10.917s] Level 1:colcon.colcon_core.environment:checking '/home/phattanarat/onenight_ws/install/csm' for CMake config files
[10.917s] Level 1:colcon.colcon_core.shell:create_environment_hook('csm', 'cmake_prefix_path')
[10.917s] INFO:colcon.colcon_core.shell:Creating environment hook '/home/phattanarat/onenight_ws/install/csm/share/csm/hook/cmake_prefix_path.ps1'
[10.917s] INFO:colcon.colcon_core.shell:Creating environment descriptor '/home/phattanarat/onenight_ws/install/csm/share/csm/hook/cmake_prefix_path.dsv'
[10.917s] INFO:colcon.colcon_core.shell:Creating environment hook '/home/phattanarat/onenight_ws/install/csm/share/csm/hook/cmake_prefix_path.sh'
[10.918s] Level 1:colcon.colcon_core.environment:checking '/home/phattanarat/onenight_ws/install/csm/lib'
[10.918s] Level 1:colcon.colcon_core.shell:create_environment_hook('csm', 'ld_library_path_lib')
[10.918s] INFO:colcon.colcon_core.shell:Creating environment hook '/home/phattanarat/onenight_ws/install/csm/share/csm/hook/ld_library_path_lib.ps1'
[10.918s] INFO:colcon.colcon_core.shell:Creating environment descriptor '/home/phattanarat/onenight_ws/install/csm/share/csm/hook/ld_library_path_lib.dsv'
[10.918s] INFO:colcon.colcon_core.shell:Creating environment hook '/home/phattanarat/onenight_ws/install/csm/share/csm/hook/ld_library_path_lib.sh'
[10.918s] Level 1:colcon.colcon_core.environment:checking '/home/phattanarat/onenight_ws/install/csm/bin'
[10.918s] Level 1:colcon.colcon_core.environment:checking '/home/phattanarat/onenight_ws/install/csm/lib/pkgconfig/csm.pc'
[10.919s] Level 1:colcon.colcon_core.environment:checking '/home/phattanarat/onenight_ws/install/csm/lib/python3.10/site-packages'
[10.919s] Level 1:colcon.colcon_core.environment:checking '/home/phattanarat/onenight_ws/install/csm/bin'
[10.919s] INFO:colcon.colcon_core.shell:Creating package script '/home/phattanarat/onenight_ws/install/csm/share/csm/package.ps1'
[10.919s] INFO:colcon.colcon_core.shell:Creating package descriptor '/home/phattanarat/onenight_ws/install/csm/share/csm/package.dsv'
[10.919s] INFO:colcon.colcon_core.shell:Creating package script '/home/phattanarat/onenight_ws/install/csm/share/csm/package.sh'
[10.920s] INFO:colcon.colcon_core.shell:Creating package script '/home/phattanarat/onenight_ws/install/csm/share/csm/package.bash'
[10.920s] INFO:colcon.colcon_core.shell:Creating package script '/home/phattanarat/onenight_ws/install/csm/share/csm/package.zsh'
[10.920s] Level 1:colcon.colcon_core.environment:create_file_with_runtime_dependencies(/home/phattanarat/onenight_ws/install/csm/share/colcon-core/packages/csm)
[10.920s] INFO:colcon.colcon_ros.task.ament_cmake.build:Building ROS package in '/home/phattanarat/onenight_ws/src/ros2_laser_scan_matcher' with build type 'ament_cmake'
[10.920s] INFO:colcon.colcon_cmake.task.cmake.build:Building CMake package in '/home/phattanarat/onenight_ws/src/ros2_laser_scan_matcher'
[10.920s] INFO:colcon.colcon_core.shell:Skip shell extension 'powershell' for command environment: Not usable outside of PowerShell
[10.920s] DEBUG:colcon.colcon_core.shell:Skip shell extension 'dsv' for command environment
[10.930s] DEBUG:colcon.colcon_core.event_handler.log_command:Invoking command in '/home/phattanarat/onenight_ws/build/ros2_laser_scan_matcher': AMENT_PREFIX_PATH=/home/phattanarat/onenight_ws/install/csm:${AMENT_PREFIX_PATH} CMAKE_PREFIX_PATH=/home/phattanarat/onenight_ws/install/csm:/home/phattanarat/onenight_ws/install/scantest:/home/phattanarat/DEV_ws/install/my_bot:/home/phattanarat/DEV2_WS/install/articubot_one:/home/phattanarat/LIDAR/install/rplidar_ros:/home/phattanarat/LIDAR/install/first_lidar:/home/phattanarat/FRA502-LAB-6810/install/turtlesim_plus_interfaces:/home/phattanarat/FRA502-LAB-6810/install/turtlesim_plus:/home/phattanarat/FRA502-LAB-6810/install/lab3:/home/phattanarat/FRA502-LAB-6810/install/lab2:/home/phattanarat/FRA502-LAB-6810/install/controller_interfaces:/home/phattanarat/ros2_ws/install/turtlesim_plus_interfaces:/home/phattanarat/ros2_ws/install/turtlesim_plus:/home/phattanarat/ros2_ws/install/lecture2_ex1:/home/phattanarat/ros2_ws/install/lecture2:/home/phattanarat/ros2_ws/install/lab1_interfaces:/home/phattanarat/ros2_ws/install/lab1:/home/phattanarat/ros2_ws/install/examples_rclcpp_wait_set:/home/phattanarat/ros2_ws/install/examples_rclcpp_multithreaded_executor:/home/phattanarat/ros2_ws/install/examples_rclcpp_minimal_timer:/home/phattanarat/ros2_ws/install/examples_rclcpp_minimal_subscriber:/home/phattanarat/ros2_ws/install/examples_rclcpp_minimal_service:/home/phattanarat/ros2_ws/install/examples_rclcpp_minimal_publisher:/home/phattanarat/ros2_ws/install/examples_rclcpp_minimal_composition:/home/phattanarat/ros2_ws/install/examples_rclcpp_minimal_client:/home/phattanarat/ros2_ws/install/examples_rclcpp_minimal_action_server:/home/phattanarat/ros2_ws/install/examples_rclcpp_minimal_action_client:/home/phattanarat/ros2_ws/install/examples_rclcpp_cbg_executor:/home/phattanarat/ros2_ws/install/examples_rclcpp_async_client:/home/phattanarat/turtlebot3_ws/install/turtlebot3:/home/phattanarat/turtlebot3_ws/install/turtlebot3_bringup:/home/phattanarat/turtlebot3_ws/install/turtlebot3_node:/home/phattanarat/turtlebot3_ws/install/turtlebot3_navigation2:/home/phattanarat/turtlebot3_ws/install/turtlebot3_msgs:/home/phattanarat/turtlebot3_ws/install/turtlebot3_description:/home/phattanarat/turtlebot3_ws/install/turtlebot3_cartographer:/home/phattanarat/turtlebot3_ws/install/dynamixel_sdk_examples:/home/phattanarat/turtlebot3_ws/install/dynamixel_sdk_custom_interfaces:/home/phattanarat/turtlebot3_ws/install/dynamixel_sdk:/home/phattanarat/ros2_ws/install/launch_testing_examples:/home/phattanarat/ros2_ws/install/examples_rclpy_pointcloud_publisher:/home/phattanarat/ros2_ws/install/examples_rclpy_minimal_subscriber:/home/phattanarat/ros2_ws/install/examples_rclpy_minimal_service:/home/phattanarat/ros2_ws/install/examples_rclpy_minimal_publisher:/home/phattanarat/ros2_ws/install/examples_rclpy_minimal_client:/home/phattanarat/ros2_ws/install/examples_rclpy_minimal_action_server:/home/phattanarat/ros2_ws/install/examples_rclpy_minimal_action_client:/home/phattanarat/ros2_ws/install/examples_rclpy_guard_conditions:/home/phattanarat/ros2_ws/install/examples_rclpy_executors:/home/phattanarat/turtlebot3_ws/install/turtlebot3_teleop:/home/phattanarat/turtlebot3_ws/install/turtlebot3_example:/opt/ros/humble LD_LIBRARY_PATH=/home/phattanarat/onenight_ws/install/csm/lib:/home/phattanarat/FRA502-LAB-6810/install/turtlesim_plus_interfaces/lib:/home/phattanarat/FRA502-LAB-6810/install/controller_interfaces/lib:/home/phattanarat/ros2_ws/install/turtlesim_plus_interfaces/lib:/home/phattanarat/ros2_ws/install/lab1_interfaces/lib:/home/phattanarat/ros2_ws/install/examples_rclcpp_wait_set/lib:/home/phattanarat/ros2_ws/install/examples_rclcpp_minimal_subscriber/lib:/home/phattanarat/ros2_ws/install/examples_rclcpp_minimal_composition/lib:/home/phattanarat/turtlebot3_ws/install/turtlebot3_msgs/lib:/home/phattanarat/turtlebot3_ws/install/dynamixel_sdk_custom_interfaces/lib:/home/phattanarat/turtlebot3_ws/install/dynamixel_sdk/lib:/usr/lib/x86_64-linux-gnu/gazebo-11/plugins:/opt/ros/humble/opt/rviz_ogre_vendor/lib:/opt/ros/humble/lib/x86_64-linux-gnu:/opt/ros/humble/lib:/usr/lib/x86_64-linux-gnu/gazebo-11/plugins /usr/bin/cmake /home/phattanarat/onenight_ws/src/ros2_laser_scan_matcher -DCMAKE_INSTALL_PREFIX=/home/phattanarat/onenight_ws/install/ros2_laser_scan_matcher
[11.388s] DEBUG:colcon.colcon_core.event_handler.log_command:Invoked command in '/home/phattanarat/onenight_ws/build/ros2_laser_scan_matcher' returned '0': AMENT_PREFIX_PATH=/home/phattanarat/onenight_ws/install/csm:${AMENT_PREFIX_PATH} CMAKE_PREFIX_PATH=/home/phattanarat/onenight_ws/install/csm:/home/phattanarat/onenight_ws/install/scantest:/home/phattanarat/DEV_ws/install/my_bot:/home/phattanarat/DEV2_WS/install/articubot_one:/home/phattanarat/LIDAR/install/rplidar_ros:/home/phattanarat/LIDAR/install/first_lidar:/home/phattanarat/FRA502-LAB-6810/install/turtlesim_plus_interfaces:/home/phattanarat/FRA502-LAB-6810/install/turtlesim_plus:/home/phattanarat/FRA502-LAB-6810/install/lab3:/home/phattanarat/FRA502-LAB-6810/install/lab2:/home/phattanarat/FRA502-LAB-6810/install/controller_interfaces:/home/phattanarat/ros2_ws/install/turtlesim_plus_interfaces:/home/phattanarat/ros2_ws/install/turtlesim_plus:/home/phattanarat/ros2_ws/install/lecture2_ex1:/home/phattanarat/ros2_ws/install/lecture2:/home/phattanarat/ros2_ws/install/lab1_interfaces:/home/phattanarat/ros2_ws/install/lab1:/home/phattanarat/ros2_ws/install/examples_rclcpp_wait_set:/home/phattanarat/ros2_ws/install/examples_rclcpp_multithreaded_executor:/home/phattanarat/ros2_ws/install/examples_rclcpp_minimal_timer:/home/phattanarat/ros2_ws/install/examples_rclcpp_minimal_subscriber:/home/phattanarat/ros2_ws/install/examples_rclcpp_minimal_service:/home/phattanarat/ros2_ws/install/examples_rclcpp_minimal_publisher:/home/phattanarat/ros2_ws/install/examples_rclcpp_minimal_composition:/home/phattanarat/ros2_ws/install/examples_rclcpp_minimal_client:/home/phattanarat/ros2_ws/install/examples_rclcpp_minimal_action_server:/home/phattanarat/ros2_ws/install/examples_rclcpp_minimal_action_client:/home/phattanarat/ros2_ws/install/examples_rclcpp_cbg_executor:/home/phattanarat/ros2_ws/install/examples_rclcpp_async_client:/home/phattanarat/turtlebot3_ws/install/turtlebot3:/home/phattanarat/turtlebot3_ws/install/turtlebot3_bringup:/home/phattanarat/turtlebot3_ws/install/turtlebot3_node:/home/phattanarat/turtlebot3_ws/install/turtlebot3_navigation2:/home/phattanarat/turtlebot3_ws/install/turtlebot3_msgs:/home/phattanarat/turtlebot3_ws/install/turtlebot3_description:/home/phattanarat/turtlebot3_ws/install/turtlebot3_cartographer:/home/phattanarat/turtlebot3_ws/install/dynamixel_sdk_examples:/home/phattanarat/turtlebot3_ws/install/dynamixel_sdk_custom_interfaces:/home/phattanarat/turtlebot3_ws/install/dynamixel_sdk:/home/phattanarat/ros2_ws/install/launch_testing_examples:/home/phattanarat/ros2_ws/install/examples_rclpy_pointcloud_publisher:/home/phattanarat/ros2_ws/install/examples_rclpy_minimal_subscriber:/home/phattanarat/ros2_ws/install/examples_rclpy_minimal_service:/home/phattanarat/ros2_ws/install/examples_rclpy_minimal_publisher:/home/phattanarat/ros2_ws/install/examples_rclpy_minimal_client:/home/phattanarat/ros2_ws/install/examples_rclpy_minimal_action_server:/home/phattanarat/ros2_ws/install/examples_rclpy_minimal_action_client:/home/phattanarat/ros2_ws/install/examples_rclpy_guard_conditions:/home/phattanarat/ros2_ws/install/examples_rclpy_executors:/home/phattanarat/turtlebot3_ws/install/turtlebot3_teleop:/home/phattanarat/turtlebot3_ws/install/turtlebot3_example:/opt/ros/humble LD_LIBRARY_PATH=/home/phattanarat/onenight_ws/install/csm/lib:/home/phattanarat/FRA502-LAB-6810/install/turtlesim_plus_interfaces/lib:/home/phattanarat/FRA502-LAB-6810/install/controller_interfaces/lib:/home/phattanarat/ros2_ws/install/turtlesim_plus_interfaces/lib:/home/phattanarat/ros2_ws/install/lab1_interfaces/lib:/home/phattanarat/ros2_ws/install/examples_rclcpp_wait_set/lib:/home/phattanarat/ros2_ws/install/examples_rclcpp_minimal_subscriber/lib:/home/phattanarat/ros2_ws/install/examples_rclcpp_minimal_composition/lib:/home/phattanarat/turtlebot3_ws/install/turtlebot3_msgs/lib:/home/phattanarat/turtlebot3_ws/install/dynamixel_sdk_custom_interfaces/lib:/home/phattanarat/turtlebot3_ws/install/dynamixel_sdk/lib:/usr/lib/x86_64-linux-gnu/gazebo-11/plugins:/opt/ros/humble/opt/rviz_ogre_vendor/lib:/opt/ros/humble/lib/x86_64-linux-gnu:/opt/ros/humble/lib:/usr/lib/x86_64-linux-gnu/gazebo-11/plugins /usr/bin/cmake /home/phattanarat/onenight_ws/src/ros2_laser_scan_matcher -DCMAKE_INSTALL_PREFIX=/home/phattanarat/onenight_ws/install/ros2_laser_scan_matcher
[11.389s] DEBUG:colcon.colcon_core.event_handler.log_command:Invoking command in '/home/phattanarat/onenight_ws/build/ros2_laser_scan_matcher': AMENT_PREFIX_PATH=/home/phattanarat/onenight_ws/install/csm:${AMENT_PREFIX_PATH} CMAKE_PREFIX_PATH=/home/phattanarat/onenight_ws/install/csm:/home/phattanarat/onenight_ws/install/scantest:/home/phattanarat/DEV_ws/install/my_bot:/home/phattanarat/DEV2_WS/install/articubot_one:/home/phattanarat/LIDAR/install/rplidar_ros:/home/phattanarat/LIDAR/install/first_lidar:/home/phattanarat/FRA502-LAB-6810/install/turtlesim_plus_interfaces:/home/phattanarat/FRA502-LAB-6810/install/turtlesim_plus:/home/phattanarat/FRA502-LAB-6810/install/lab3:/home/phattanarat/FRA502-LAB-6810/install/lab2:/home/phattanarat/FRA502-LAB-6810/install/controller_interfaces:/home/phattanarat/ros2_ws/install/turtlesim_plus_interfaces:/home/phattanarat/ros2_ws/install/turtlesim_plus:/home/phattanarat/ros2_ws/install/lecture2_ex1:/home/phattanarat/ros2_ws/install/lecture2:/home/phattanarat/ros2_ws/install/lab1_interfaces:/home/phattanarat/ros2_ws/install/lab1:/home/phattanarat/ros2_ws/install/examples_rclcpp_wait_set:/home/phattanarat/ros2_ws/install/examples_rclcpp_multithreaded_executor:/home/phattanarat/ros2_ws/install/examples_rclcpp_minimal_timer:/home/phattanarat/ros2_ws/install/examples_rclcpp_minimal_subscriber:/home/phattanarat/ros2_ws/install/examples_rclcpp_minimal_service:/home/phattanarat/ros2_ws/install/examples_rclcpp_minimal_publisher:/home/phattanarat/ros2_ws/install/examples_rclcpp_minimal_composition:/home/phattanarat/ros2_ws/install/examples_rclcpp_minimal_client:/home/phattanarat/ros2_ws/install/examples_rclcpp_minimal_action_server:/home/phattanarat/ros2_ws/install/examples_rclcpp_minimal_action_client:/home/phattanarat/ros2_ws/install/examples_rclcpp_cbg_executor:/home/phattanarat/ros2_ws/install/examples_rclcpp_async_client:/home/phattanarat/turtlebot3_ws/install/turtlebot3:/home/phattanarat/turtlebot3_ws/install/turtlebot3_bringup:/home/phattanarat/turtlebot3_ws/install/turtlebot3_node:/home/phattanarat/turtlebot3_ws/install/turtlebot3_navigation2:/home/phattanarat/turtlebot3_ws/install/turtlebot3_msgs:/home/phattanarat/turtlebot3_ws/install/turtlebot3_description:/home/phattanarat/turtlebot3_ws/install/turtlebot3_cartographer:/home/phattanarat/turtlebot3_ws/install/dynamixel_sdk_examples:/home/phattanarat/turtlebot3_ws/install/dynamixel_sdk_custom_interfaces:/home/phattanarat/turtlebot3_ws/install/dynamixel_sdk:/home/phattanarat/ros2_ws/install/launch_testing_examples:/home/phattanarat/ros2_ws/install/examples_rclpy_pointcloud_publisher:/home/phattanarat/ros2_ws/install/examples_rclpy_minimal_subscriber:/home/phattanarat/ros2_ws/install/examples_rclpy_minimal_service:/home/phattanarat/ros2_ws/install/examples_rclpy_minimal_publisher:/home/phattanarat/ros2_ws/install/examples_rclpy_minimal_client:/home/phattanarat/ros2_ws/install/examples_rclpy_minimal_action_server:/home/phattanarat/ros2_ws/install/examples_rclpy_minimal_action_client:/home/phattanarat/ros2_ws/install/examples_rclpy_guard_conditions:/home/phattanarat/ros2_ws/install/examples_rclpy_executors:/home/phattanarat/turtlebot3_ws/install/turtlebot3_teleop:/home/phattanarat/turtlebot3_ws/install/turtlebot3_example:/opt/ros/humble LD_LIBRARY_PATH=/home/phattanarat/onenight_ws/install/csm/lib:/home/phattanarat/FRA502-LAB-6810/install/turtlesim_plus_interfaces/lib:/home/phattanarat/FRA502-LAB-6810/install/controller_interfaces/lib:/home/phattanarat/ros2_ws/install/turtlesim_plus_interfaces/lib:/home/phattanarat/ros2_ws/install/lab1_interfaces/lib:/home/phattanarat/ros2_ws/install/examples_rclcpp_wait_set/lib:/home/phattanarat/ros2_ws/install/examples_rclcpp_minimal_subscriber/lib:/home/phattanarat/ros2_ws/install/examples_rclcpp_minimal_composition/lib:/home/phattanarat/turtlebot3_ws/install/turtlebot3_msgs/lib:/home/phattanarat/turtlebot3_ws/install/dynamixel_sdk_custom_interfaces/lib:/home/phattanarat/turtlebot3_ws/install/dynamixel_sdk/lib:/usr/lib/x86_64-linux-gnu/gazebo-11/plugins:/opt/ros/humble/opt/rviz_ogre_vendor/lib:/opt/ros/humble/lib/x86_64-linux-gnu:/opt/ros/humble/lib:/usr/lib/x86_64-linux-gnu/gazebo-11/plugins /usr/bin/cmake --build /home/phattanarat/onenight_ws/build/ros2_laser_scan_matcher -- -j12 -l12
[19.171s] DEBUG:colcon.colcon_core.event_handler.log_command:Invoked command in '/home/phattanarat/onenight_ws/build/ros2_laser_scan_matcher' returned '0': AMENT_PREFIX_PATH=/home/phattanarat/onenight_ws/install/csm:${AMENT_PREFIX_PATH} CMAKE_PREFIX_PATH=/home/phattanarat/onenight_ws/install/csm:/home/phattanarat/onenight_ws/install/scantest:/home/phattanarat/DEV_ws/install/my_bot:/home/phattanarat/DEV2_WS/install/articubot_one:/home/phattanarat/LIDAR/install/rplidar_ros:/home/phattanarat/LIDAR/install/first_lidar:/home/phattanarat/FRA502-LAB-6810/install/turtlesim_plus_interfaces:/home/phattanarat/FRA502-LAB-6810/install/turtlesim_plus:/home/phattanarat/FRA502-LAB-6810/install/lab3:/home/phattanarat/FRA502-LAB-6810/install/lab2:/home/phattanarat/FRA502-LAB-6810/install/controller_interfaces:/home/phattanarat/ros2_ws/install/turtlesim_plus_interfaces:/home/phattanarat/ros2_ws/install/turtlesim_plus:/home/phattanarat/ros2_ws/install/lecture2_ex1:/home/phattanarat/ros2_ws/install/lecture2:/home/phattanarat/ros2_ws/install/lab1_interfaces:/home/phattanarat/ros2_ws/install/lab1:/home/phattanarat/ros2_ws/install/examples_rclcpp_wait_set:/home/phattanarat/ros2_ws/install/examples_rclcpp_multithreaded_executor:/home/phattanarat/ros2_ws/install/examples_rclcpp_minimal_timer:/home/phattanarat/ros2_ws/install/examples_rclcpp_minimal_subscriber:/home/phattanarat/ros2_ws/install/examples_rclcpp_minimal_service:/home/phattanarat/ros2_ws/install/examples_rclcpp_minimal_publisher:/home/phattanarat/ros2_ws/install/examples_rclcpp_minimal_composition:/home/phattanarat/ros2_ws/install/examples_rclcpp_minimal_client:/home/phattanarat/ros2_ws/install/examples_rclcpp_minimal_action_server:/home/phattanarat/ros2_ws/install/examples_rclcpp_minimal_action_client:/home/phattanarat/ros2_ws/install/examples_rclcpp_cbg_executor:/home/phattanarat/ros2_ws/install/examples_rclcpp_async_client:/home/phattanarat/turtlebot3_ws/install/turtlebot3:/home/phattanarat/turtlebot3_ws/install/turtlebot3_bringup:/home/phattanarat/turtlebot3_ws/install/turtlebot3_node:/home/phattanarat/turtlebot3_ws/install/turtlebot3_navigation2:/home/phattanarat/turtlebot3_ws/install/turtlebot3_msgs:/home/phattanarat/turtlebot3_ws/install/turtlebot3_description:/home/phattanarat/turtlebot3_ws/install/turtlebot3_cartographer:/home/phattanarat/turtlebot3_ws/install/dynamixel_sdk_examples:/home/phattanarat/turtlebot3_ws/install/dynamixel_sdk_custom_interfaces:/home/phattanarat/turtlebot3_ws/install/dynamixel_sdk:/home/phattanarat/ros2_ws/install/launch_testing_examples:/home/phattanarat/ros2_ws/install/examples_rclpy_pointcloud_publisher:/home/phattanarat/ros2_ws/install/examples_rclpy_minimal_subscriber:/home/phattanarat/ros2_ws/install/examples_rclpy_minimal_service:/home/phattanarat/ros2_ws/install/examples_rclpy_minimal_publisher:/home/phattanarat/ros2_ws/install/examples_rclpy_minimal_client:/home/phattanarat/ros2_ws/install/examples_rclpy_minimal_action_server:/home/phattanarat/ros2_ws/install/examples_rclpy_minimal_action_client:/home/phattanarat/ros2_ws/install/examples_rclpy_guard_conditions:/home/phattanarat/ros2_ws/install/examples_rclpy_executors:/home/phattanarat/turtlebot3_ws/install/turtlebot3_teleop:/home/phattanarat/turtlebot3_ws/install/turtlebot3_example:/opt/ros/humble LD_LIBRARY_PATH=/home/phattanarat/onenight_ws/install/csm/lib:/home/phattanarat/FRA502-LAB-6810/install/turtlesim_plus_interfaces/lib:/home/phattanarat/FRA502-LAB-6810/install/controller_interfaces/lib:/home/phattanarat/ros2_ws/install/turtlesim_plus_interfaces/lib:/home/phattanarat/ros2_ws/install/lab1_interfaces/lib:/home/phattanarat/ros2_ws/install/examples_rclcpp_wait_set/lib:/home/phattanarat/ros2_ws/install/examples_rclcpp_minimal_subscriber/lib:/home/phattanarat/ros2_ws/install/examples_rclcpp_minimal_composition/lib:/home/phattanarat/turtlebot3_ws/install/turtlebot3_msgs/lib:/home/phattanarat/turtlebot3_ws/install/dynamixel_sdk_custom_interfaces/lib:/home/phattanarat/turtlebot3_ws/install/dynamixel_sdk/lib:/usr/lib/x86_64-linux-gnu/gazebo-11/plugins:/opt/ros/humble/opt/rviz_ogre_vendor/lib:/opt/ros/humble/lib/x86_64-linux-gnu:/opt/ros/humble/lib:/usr/lib/x86_64-linux-gnu/gazebo-11/plugins /usr/bin/cmake --build /home/phattanarat/onenight_ws/build/ros2_laser_scan_matcher -- -j12 -l12
[19.172s] DEBUG:colcon.colcon_core.event_handler.log_command:Invoking command in '/home/phattanarat/onenight_ws/build/ros2_laser_scan_matcher': AMENT_PREFIX_PATH=/home/phattanarat/onenight_ws/install/csm:${AMENT_PREFIX_PATH} CMAKE_PREFIX_PATH=/home/phattanarat/onenight_ws/install/csm:/home/phattanarat/onenight_ws/install/scantest:/home/phattanarat/DEV_ws/install/my_bot:/home/phattanarat/DEV2_WS/install/articubot_one:/home/phattanarat/LIDAR/install/rplidar_ros:/home/phattanarat/LIDAR/install/first_lidar:/home/phattanarat/FRA502-LAB-6810/install/turtlesim_plus_interfaces:/home/phattanarat/FRA502-LAB-6810/install/turtlesim_plus:/home/phattanarat/FRA502-LAB-6810/install/lab3:/home/phattanarat/FRA502-LAB-6810/install/lab2:/home/phattanarat/FRA502-LAB-6810/install/controller_interfaces:/home/phattanarat/ros2_ws/install/turtlesim_plus_interfaces:/home/phattanarat/ros2_ws/install/turtlesim_plus:/home/phattanarat/ros2_ws/install/lecture2_ex1:/home/phattanarat/ros2_ws/install/lecture2:/home/phattanarat/ros2_ws/install/lab1_interfaces:/home/phattanarat/ros2_ws/install/lab1:/home/phattanarat/ros2_ws/install/examples_rclcpp_wait_set:/home/phattanarat/ros2_ws/install/examples_rclcpp_multithreaded_executor:/home/phattanarat/ros2_ws/install/examples_rclcpp_minimal_timer:/home/phattanarat/ros2_ws/install/examples_rclcpp_minimal_subscriber:/home/phattanarat/ros2_ws/install/examples_rclcpp_minimal_service:/home/phattanarat/ros2_ws/install/examples_rclcpp_minimal_publisher:/home/phattanarat/ros2_ws/install/examples_rclcpp_minimal_composition:/home/phattanarat/ros2_ws/install/examples_rclcpp_minimal_client:/home/phattanarat/ros2_ws/install/examples_rclcpp_minimal_action_server:/home/phattanarat/ros2_ws/install/examples_rclcpp_minimal_action_client:/home/phattanarat/ros2_ws/install/examples_rclcpp_cbg_executor:/home/phattanarat/ros2_ws/install/examples_rclcpp_async_client:/home/phattanarat/turtlebot3_ws/install/turtlebot3:/home/phattanarat/turtlebot3_ws/install/turtlebot3_bringup:/home/phattanarat/turtlebot3_ws/install/turtlebot3_node:/home/phattanarat/turtlebot3_ws/install/turtlebot3_navigation2:/home/phattanarat/turtlebot3_ws/install/turtlebot3_msgs:/home/phattanarat/turtlebot3_ws/install/turtlebot3_description:/home/phattanarat/turtlebot3_ws/install/turtlebot3_cartographer:/home/phattanarat/turtlebot3_ws/install/dynamixel_sdk_examples:/home/phattanarat/turtlebot3_ws/install/dynamixel_sdk_custom_interfaces:/home/phattanarat/turtlebot3_ws/install/dynamixel_sdk:/home/phattanarat/ros2_ws/install/launch_testing_examples:/home/phattanarat/ros2_ws/install/examples_rclpy_pointcloud_publisher:/home/phattanarat/ros2_ws/install/examples_rclpy_minimal_subscriber:/home/phattanarat/ros2_ws/install/examples_rclpy_minimal_service:/home/phattanarat/ros2_ws/install/examples_rclpy_minimal_publisher:/home/phattanarat/ros2_ws/install/examples_rclpy_minimal_client:/home/phattanarat/ros2_ws/install/examples_rclpy_minimal_action_server:/home/phattanarat/ros2_ws/install/examples_rclpy_minimal_action_client:/home/phattanarat/ros2_ws/install/examples_rclpy_guard_conditions:/home/phattanarat/ros2_ws/install/examples_rclpy_executors:/home/phattanarat/turtlebot3_ws/install/turtlebot3_teleop:/home/phattanarat/turtlebot3_ws/install/turtlebot3_example:/opt/ros/humble LD_LIBRARY_PATH=/home/phattanarat/onenight_ws/install/csm/lib:/home/phattanarat/FRA502-LAB-6810/install/turtlesim_plus_interfaces/lib:/home/phattanarat/FRA502-LAB-6810/install/controller_interfaces/lib:/home/phattanarat/ros2_ws/install/turtlesim_plus_interfaces/lib:/home/phattanarat/ros2_ws/install/lab1_interfaces/lib:/home/phattanarat/ros2_ws/install/examples_rclcpp_wait_set/lib:/home/phattanarat/ros2_ws/install/examples_rclcpp_minimal_subscriber/lib:/home/phattanarat/ros2_ws/install/examples_rclcpp_minimal_composition/lib:/home/phattanarat/turtlebot3_ws/install/turtlebot3_msgs/lib:/home/phattanarat/turtlebot3_ws/install/dynamixel_sdk_custom_interfaces/lib:/home/phattanarat/turtlebot3_ws/install/dynamixel_sdk/lib:/usr/lib/x86_64-linux-gnu/gazebo-11/plugins:/opt/ros/humble/opt/rviz_ogre_vendor/lib:/opt/ros/humble/lib/x86_64-linux-gnu:/opt/ros/humble/lib:/usr/lib/x86_64-linux-gnu/gazebo-11/plugins /usr/bin/cmake --install /home/phattanarat/onenight_ws/build/ros2_laser_scan_matcher
[19.181s] Level 1:colcon.colcon_core.environment:create_environment_scripts_only(ros2_laser_scan_matcher)
[19.181s] Level 1:colcon.colcon_core.environment:checking '/home/phattanarat/onenight_ws/install/ros2_laser_scan_matcher' for CMake module files
[19.181s] DEBUG:colcon.colcon_core.event_handler.log_command:Invoked command in '/home/phattanarat/onenight_ws/build/ros2_laser_scan_matcher' returned '0': AMENT_PREFIX_PATH=/home/phattanarat/onenight_ws/install/csm:${AMENT_PREFIX_PATH} CMAKE_PREFIX_PATH=/home/phattanarat/onenight_ws/install/csm:/home/phattanarat/onenight_ws/install/scantest:/home/phattanarat/DEV_ws/install/my_bot:/home/phattanarat/DEV2_WS/install/articubot_one:/home/phattanarat/LIDAR/install/rplidar_ros:/home/phattanarat/LIDAR/install/first_lidar:/home/phattanarat/FRA502-LAB-6810/install/turtlesim_plus_interfaces:/home/phattanarat/FRA502-LAB-6810/install/turtlesim_plus:/home/phattanarat/FRA502-LAB-6810/install/lab3:/home/phattanarat/FRA502-LAB-6810/install/lab2:/home/phattanarat/FRA502-LAB-6810/install/controller_interfaces:/home/phattanarat/ros2_ws/install/turtlesim_plus_interfaces:/home/phattanarat/ros2_ws/install/turtlesim_plus:/home/phattanarat/ros2_ws/install/lecture2_ex1:/home/phattanarat/ros2_ws/install/lecture2:/home/phattanarat/ros2_ws/install/lab1_interfaces:/home/phattanarat/ros2_ws/install/lab1:/home/phattanarat/ros2_ws/install/examples_rclcpp_wait_set:/home/phattanarat/ros2_ws/install/examples_rclcpp_multithreaded_executor:/home/phattanarat/ros2_ws/install/examples_rclcpp_minimal_timer:/home/phattanarat/ros2_ws/install/examples_rclcpp_minimal_subscriber:/home/phattanarat/ros2_ws/install/examples_rclcpp_minimal_service:/home/phattanarat/ros2_ws/install/examples_rclcpp_minimal_publisher:/home/phattanarat/ros2_ws/install/examples_rclcpp_minimal_composition:/home/phattanarat/ros2_ws/install/examples_rclcpp_minimal_client:/home/phattanarat/ros2_ws/install/examples_rclcpp_minimal_action_server:/home/phattanarat/ros2_ws/install/examples_rclcpp_minimal_action_client:/home/phattanarat/ros2_ws/install/examples_rclcpp_cbg_executor:/home/phattanarat/ros2_ws/install/examples_rclcpp_async_client:/home/phattanarat/turtlebot3_ws/install/turtlebot3:/home/phattanarat/turtlebot3_ws/install/turtlebot3_bringup:/home/phattanarat/turtlebot3_ws/install/turtlebot3_node:/home/phattanarat/turtlebot3_ws/install/turtlebot3_navigation2:/home/phattanarat/turtlebot3_ws/install/turtlebot3_msgs:/home/phattanarat/turtlebot3_ws/install/turtlebot3_description:/home/phattanarat/turtlebot3_ws/install/turtlebot3_cartographer:/home/phattanarat/turtlebot3_ws/install/dynamixel_sdk_examples:/home/phattanarat/turtlebot3_ws/install/dynamixel_sdk_custom_interfaces:/home/phattanarat/turtlebot3_ws/install/dynamixel_sdk:/home/phattanarat/ros2_ws/install/launch_testing_examples:/home/phattanarat/ros2_ws/install/examples_rclpy_pointcloud_publisher:/home/phattanarat/ros2_ws/install/examples_rclpy_minimal_subscriber:/home/phattanarat/ros2_ws/install/examples_rclpy_minimal_service:/home/phattanarat/ros2_ws/install/examples_rclpy_minimal_publisher:/home/phattanarat/ros2_ws/install/examples_rclpy_minimal_client:/home/phattanarat/ros2_ws/install/examples_rclpy_minimal_action_server:/home/phattanarat/ros2_ws/install/examples_rclpy_minimal_action_client:/home/phattanarat/ros2_ws/install/examples_rclpy_guard_conditions:/home/phattanarat/ros2_ws/install/examples_rclpy_executors:/home/phattanarat/turtlebot3_ws/install/turtlebot3_teleop:/home/phattanarat/turtlebot3_ws/install/turtlebot3_example:/opt/ros/humble LD_LIBRARY_PATH=/home/phattanarat/onenight_ws/install/csm/lib:/home/phattanarat/FRA502-LAB-6810/install/turtlesim_plus_interfaces/lib:/home/phattanarat/FRA502-LAB-6810/install/controller_interfaces/lib:/home/phattanarat/ros2_ws/install/turtlesim_plus_interfaces/lib:/home/phattanarat/ros2_ws/install/lab1_interfaces/lib:/home/phattanarat/ros2_ws/install/examples_rclcpp_wait_set/lib:/home/phattanarat/ros2_ws/install/examples_rclcpp_minimal_subscriber/lib:/home/phattanarat/ros2_ws/install/examples_rclcpp_minimal_composition/lib:/home/phattanarat/turtlebot3_ws/install/turtlebot3_msgs/lib:/home/phattanarat/turtlebot3_ws/install/dynamixel_sdk_custom_interfaces/lib:/home/phattanarat/turtlebot3_ws/install/dynamixel_sdk/lib:/usr/lib/x86_64-linux-gnu/gazebo-11/plugins:/opt/ros/humble/opt/rviz_ogre_vendor/lib:/opt/ros/humble/lib/x86_64-linux-gnu:/opt/ros/humble/lib:/usr/lib/x86_64-linux-gnu/gazebo-11/plugins /usr/bin/cmake --install /home/phattanarat/onenight_ws/build/ros2_laser_scan_matcher
[19.182s] Level 1:colcon.colcon_core.environment:checking '/home/phattanarat/onenight_ws/install/ros2_laser_scan_matcher' for CMake config files
[19.182s] Level 1:colcon.colcon_core.shell:create_environment_hook('ros2_laser_scan_matcher', 'cmake_prefix_path')
[19.182s] INFO:colcon.colcon_core.shell:Creating environment hook '/home/phattanarat/onenight_ws/install/ros2_laser_scan_matcher/share/ros2_laser_scan_matcher/hook/cmake_prefix_path.ps1'
[19.182s] INFO:colcon.colcon_core.shell:Creating environment descriptor '/home/phattanarat/onenight_ws/install/ros2_laser_scan_matcher/share/ros2_laser_scan_matcher/hook/cmake_prefix_path.dsv'
[19.182s] INFO:colcon.colcon_core.shell:Creating environment hook '/home/phattanarat/onenight_ws/install/ros2_laser_scan_matcher/share/ros2_laser_scan_matcher/hook/cmake_prefix_path.sh'
[19.183s] Level 1:colcon.colcon_core.environment:checking '/home/phattanarat/onenight_ws/install/ros2_laser_scan_matcher/lib'
[19.183s] Level 1:colcon.colcon_core.environment:checking '/home/phattanarat/onenight_ws/install/ros2_laser_scan_matcher/bin'
[19.183s] Level 1:colcon.colcon_core.environment:checking '/home/phattanarat/onenight_ws/install/ros2_laser_scan_matcher/lib/pkgconfig/ros2_laser_scan_matcher.pc'
[19.183s] Level 1:colcon.colcon_core.environment:checking '/home/phattanarat/onenight_ws/install/ros2_laser_scan_matcher/lib/python3.10/site-packages'
[19.183s] Level 1:colcon.colcon_core.environment:checking '/home/phattanarat/onenight_ws/install/ros2_laser_scan_matcher/bin'
[19.183s] INFO:colcon.colcon_core.shell:Creating package script '/home/phattanarat/onenight_ws/install/ros2_laser_scan_matcher/share/ros2_laser_scan_matcher/package.ps1'
[19.184s] INFO:colcon.colcon_core.shell:Creating package descriptor '/home/phattanarat/onenight_ws/install/ros2_laser_scan_matcher/share/ros2_laser_scan_matcher/package.dsv'
[19.184s] INFO:colcon.colcon_core.shell:Creating package script '/home/phattanarat/onenight_ws/install/ros2_laser_scan_matcher/share/ros2_laser_scan_matcher/package.sh'
[19.184s] INFO:colcon.colcon_core.shell:Creating package script '/home/phattanarat/onenight_ws/install/ros2_laser_scan_matcher/share/ros2_laser_scan_matcher/package.bash'
[19.184s] INFO:colcon.colcon_core.shell:Creating package script '/home/phattanarat/onenight_ws/install/ros2_laser_scan_matcher/share/ros2_laser_scan_matcher/package.zsh'
[19.185s] Level 1:colcon.colcon_core.environment:create_file_with_runtime_dependencies(/home/phattanarat/onenight_ws/install/ros2_laser_scan_matcher/share/colcon-core/packages/ros2_laser_scan_matcher)
[19.185s] Level 1:colcon.colcon_core.environment:create_environment_scripts_only(ros2_laser_scan_matcher)
[19.185s] Level 1:colcon.colcon_core.environment:checking '/home/phattanarat/onenight_ws/install/ros2_laser_scan_matcher' for CMake module files
[19.185s] Level 1:colcon.colcon_core.environment:checking '/home/phattanarat/onenight_ws/install/ros2_laser_scan_matcher' for CMake config files
[19.185s] Level 1:colcon.colcon_core.shell:create_environment_hook('ros2_laser_scan_matcher', 'cmake_prefix_path')
[19.185s] INFO:colcon.colcon_core.shell:Creating environment hook '/home/phattanarat/onenight_ws/install/ros2_laser_scan_matcher/share/ros2_laser_scan_matcher/hook/cmake_prefix_path.ps1'
[19.186s] INFO:colcon.colcon_core.shell:Creating environment descriptor '/home/phattanarat/onenight_ws/install/ros2_laser_scan_matcher/share/ros2_laser_scan_matcher/hook/cmake_prefix_path.dsv'
[19.186s] INFO:colcon.colcon_core.shell:Creating environment hook '/home/phattanarat/onenight_ws/install/ros2_laser_scan_matcher/share/ros2_laser_scan_matcher/hook/cmake_prefix_path.sh'
[19.186s] Level 1:colcon.colcon_core.environment:checking '/home/phattanarat/onenight_ws/install/ros2_laser_scan_matcher/lib'
[19.186s] Level 1:colcon.colcon_core.environment:checking '/home/phattanarat/onenight_ws/install/ros2_laser_scan_matcher/bin'
[19.186s] Level 1:colcon.colcon_core.environment:checking '/home/phattanarat/onenight_ws/install/ros2_laser_scan_matcher/lib/pkgconfig/ros2_laser_scan_matcher.pc'
[19.186s] Level 1:colcon.colcon_core.environment:checking '/home/phattanarat/onenight_ws/install/ros2_laser_scan_matcher/lib/python3.10/site-packages'
[19.186s] Level 1:colcon.colcon_core.environment:checking '/home/phattanarat/onenight_ws/install/ros2_laser_scan_matcher/bin'
[19.187s] INFO:colcon.colcon_core.shell:Creating package script '/home/phattanarat/onenight_ws/install/ros2_laser_scan_matcher/share/ros2_laser_scan_matcher/package.ps1'
[19.187s] INFO:colcon.colcon_core.shell:Creating package descriptor '/home/phattanarat/onenight_ws/install/ros2_laser_scan_matcher/share/ros2_laser_scan_matcher/package.dsv'
[19.187s] INFO:colcon.colcon_core.shell:Creating package script '/home/phattanarat/onenight_ws/install/ros2_laser_scan_matcher/share/ros2_laser_scan_matcher/package.sh'
[19.187s] INFO:colcon.colcon_core.shell:Creating package script '/home/phattanarat/onenight_ws/install/ros2_laser_scan_matcher/share/ros2_laser_scan_matcher/package.bash'
[19.188s] INFO:colcon.colcon_core.shell:Creating package script '/home/phattanarat/onenight_ws/install/ros2_laser_scan_matcher/share/ros2_laser_scan_matcher/package.zsh'
[19.188s] Level 1:colcon.colcon_core.environment:create_file_with_runtime_dependencies(/home/phattanarat/onenight_ws/install/ros2_laser_scan_matcher/share/colcon-core/packages/ros2_laser_scan_matcher)
[19.188s] DEBUG:colcon.colcon_parallel_executor.executor.parallel:closing loop
[19.188s] DEBUG:colcon.colcon_parallel_executor.executor.parallel:loop closed
[19.188s] DEBUG:colcon.colcon_parallel_executor.executor.parallel:run_until_complete finished with '0'
[19.188s] DEBUG:colcon.colcon_core.event_reactor:joining thread
[19.192s] INFO:colcon.colcon_core.plugin_system:Skipping extension 'colcon_notification.desktop_notification.terminal_notifier': Not used on non-Darwin systems
[19.192s] INFO:colcon.colcon_core.plugin_system:Skipping extension 'colcon_notification.desktop_notification.win32': Not used on non-Windows systems
[19.192s] INFO:colcon.colcon_notification.desktop_notification:Sending desktop notification using 'notify2'
[19.199s] DEBUG:colcon.colcon_core.event_reactor:joined thread
[19.199s] INFO:colcon.colcon_core.shell:Creating prefix script '/home/phattanarat/onenight_ws/install/local_setup.ps1'
[19.200s] INFO:colcon.colcon_core.shell:Creating prefix util module '/home/phattanarat/onenight_ws/install/_local_setup_util_ps1.py'
[19.201s] INFO:colcon.colcon_core.shell:Creating prefix chain script '/home/phattanarat/onenight_ws/install/setup.ps1'
[19.203s] INFO:colcon.colcon_core.shell:Creating prefix script '/home/phattanarat/onenight_ws/install/local_setup.sh'
[19.203s] INFO:colcon.colcon_core.shell:Creating prefix util module '/home/phattanarat/onenight_ws/install/_local_setup_util_sh.py'
[19.203s] INFO:colcon.colcon_core.shell:Creating prefix chain script '/home/phattanarat/onenight_ws/install/setup.sh'
[19.205s] INFO:colcon.colcon_core.shell:Creating prefix script '/home/phattanarat/onenight_ws/install/local_setup.bash'
[19.205s] INFO:colcon.colcon_core.shell:Creating prefix chain script '/home/phattanarat/onenight_ws/install/setup.bash'
[19.207s] INFO:colcon.colcon_core.shell:Creating prefix script '/home/phattanarat/onenight_ws/install/local_setup.zsh'
[19.207s] INFO:colcon.colcon_core.shell:Creating prefix chain script '/home/phattanarat/onenight_ws/install/setup.zsh'
