[0.013s] Invoking command in '/home/phattanarat/onenight_ws/build/csm': CMAKE_PREFIX_PATH=${CMAKE_PREFIX_PATH}:/home/phattanarat/ros2_ws/install/launch_testing_examples:/home/phattanarat/ros2_ws/install/examples_rclpy_pointcloud_publisher:/home/phattanarat/ros2_ws/install/examples_rclpy_minimal_subscriber:/home/phattanarat/ros2_ws/install/examples_rclpy_minimal_service:/home/phattanarat/ros2_ws/install/examples_rclpy_minimal_publisher:/home/phattanarat/ros2_ws/install/examples_rclpy_minimal_client:/home/phattanarat/ros2_ws/install/examples_rclpy_minimal_action_server:/home/phattanarat/ros2_ws/install/examples_rclpy_minimal_action_client:/home/phattanarat/ros2_ws/install/examples_rclpy_guard_conditions:/home/phattanarat/ros2_ws/install/examples_rclpy_executors:/home/phattanarat/turtlebot3_ws/install/turtlebot3_teleop:/home/phattanarat/turtlebot3_ws/install/turtlebot3_example:/opt/ros/humble /usr/bin/cmake /home/phattanarat/onenight_ws/src/csm -DCMAKE_INSTALL_PREFIX=/home/phattanarat/onenight_ws/install/csm
[0.051s] -- The C compiler identification is GNU 11.4.0
[0.086s] -- The CXX compiler identification is GNU 11.4.0
[0.091s] -- Detecting C compiler ABI info
[0.138s] -- Detecting C compiler ABI info - done
[0.142s] -- Check for working C compiler: /usr/bin/cc - skipped
[0.142s] -- Detecting C compile features
[0.142s] -- Detecting C compile features - done
[0.144s] -- Detecting CXX compiler ABI info
[0.198s] -- Detecting CXX compiler ABI info - done
[0.202s] -- Check for working CXX compiler: /usr/bin/c++ - skipped
[0.203s] -- Detecting CXX compile features
[0.203s] -- Detecting CXX compile features - done
[0.207s] -- Found ament_cmake: 1.3.12 (/opt/ros/humble/share/ament_cmake/cmake)
[0.339s] -- Found Python3: /usr/bin/python3 (found version "3.10.12") found components: Interpreter 
[0.439s] -- Found rclcpp: 16.0.15 (/opt/ros/humble/share/rclcpp/cmake)
[0.490s] -- Found rosidl_generator_c: 3.1.7 (/opt/ros/humble/share/rosidl_generator_c/cmake)
[0.497s] -- Found rosidl_adapter: 3.1.7 (/opt/ros/humble/share/rosidl_adapter/cmake)
[0.507s] -- Found rosidl_generator_cpp: 3.1.7 (/opt/ros/humble/share/rosidl_generator_cpp/cmake)
[0.520s] -- Using all available rosidl_typesupport_c: rosidl_typesupport_fastrtps_c;rosidl_typesupport_introspection_c
[0.538s] -- Using all available rosidl_typesupport_cpp: rosidl_typesupport_fastrtps_cpp;rosidl_typesupport_introspection_cpp
[0.588s] -- Found rmw_implementation_cmake: 6.1.2 (/opt/ros/humble/share/rmw_implementation_cmake/cmake)
[0.593s] -- Found rmw_fastrtps_cpp: 6.2.8 (/opt/ros/humble/share/rmw_fastrtps_cpp/cmake)
[0.668s] -- Found OpenSSL: /usr/lib/x86_64-linux-gnu/libcrypto.so (found version "3.0.2")  
[0.693s] -- Found FastRTPS: /opt/ros/humble/include  
[0.725s] -- Using RMW implementation 'rmw_fastrtps_cpp' as default
[0.737s] -- Looking for pthread.h
[0.806s] -- Looking for pthread.h - found
[0.806s] -- Performing Test CMAKE_HAVE_LIBC_PTHREAD
[0.890s] -- Performing Test CMAKE_HAVE_LIBC_PTHREAD - Success
[0.891s] -- Found Threads: TRUE  
[0.990s] -- Configuring done
[0.995s] -- Generating done
[0.996s] -- Build files have been written to: /home/phattanarat/onenight_ws/build/csm
[1.003s] Invoked command in '/home/phattanarat/onenight_ws/build/csm' returned '0': CMAKE_PREFIX_PATH=${CMAKE_PREFIX_PATH}:/home/phattanarat/ros2_ws/install/launch_testing_examples:/home/phattanarat/ros2_ws/install/examples_rclpy_pointcloud_publisher:/home/phattanarat/ros2_ws/install/examples_rclpy_minimal_subscriber:/home/phattanarat/ros2_ws/install/examples_rclpy_minimal_service:/home/phattanarat/ros2_ws/install/examples_rclpy_minimal_publisher:/home/phattanarat/ros2_ws/install/examples_rclpy_minimal_client:/home/phattanarat/ros2_ws/install/examples_rclpy_minimal_action_server:/home/phattanarat/ros2_ws/install/examples_rclpy_minimal_action_client:/home/phattanarat/ros2_ws/install/examples_rclpy_guard_conditions:/home/phattanarat/ros2_ws/install/examples_rclpy_executors:/home/phattanarat/turtlebot3_ws/install/turtlebot3_teleop:/home/phattanarat/turtlebot3_ws/install/turtlebot3_example:/opt/ros/humble /usr/bin/cmake /home/phattanarat/onenight_ws/src/csm -DCMAKE_INSTALL_PREFIX=/home/phattanarat/onenight_ws/install/csm
[1.004s] Invoking command in '/home/phattanarat/onenight_ws/build/csm': CMAKE_PREFIX_PATH=${CMAKE_PREFIX_PATH}:/home/phattanarat/ros2_ws/install/launch_testing_examples:/home/phattanarat/ros2_ws/install/examples_rclpy_pointcloud_publisher:/home/phattanarat/ros2_ws/install/examples_rclpy_minimal_subscriber:/home/phattanarat/ros2_ws/install/examples_rclpy_minimal_service:/home/phattanarat/ros2_ws/install/examples_rclpy_minimal_publisher:/home/phattanarat/ros2_ws/install/examples_rclpy_minimal_client:/home/phattanarat/ros2_ws/install/examples_rclpy_minimal_action_server:/home/phattanarat/ros2_ws/install/examples_rclpy_minimal_action_client:/home/phattanarat/ros2_ws/install/examples_rclpy_guard_conditions:/home/phattanarat/ros2_ws/install/examples_rclpy_executors:/home/phattanarat/turtlebot3_ws/install/turtlebot3_teleop:/home/phattanarat/turtlebot3_ws/install/turtlebot3_example:/opt/ros/humble /usr/bin/cmake --build /home/phattanarat/onenight_ws/build/csm -- -j12 -l12
[1.060s] [ 12%] [32mBuilding CXX object CMakeFiles/csm.dir/src/csm/laser_data.cpp.o[0m
[1.060s] [ 12%] [32mBuilding CXX object CMakeFiles/csm.dir/src/csm/math_utils_gsl.cpp.o[0m
[1.060s] [ 12%] [32mBuilding CXX object CMakeFiles/csm.dir/src/csm/math_utils.cpp.o[0m
[1.060s] [ 20%] [32mBuilding CXX object CMakeFiles/csm.dir/src/csm/logging.cpp.o[0m
[1.060s] [ 16%] [32mBuilding CXX object CMakeFiles/csm.dir/src/csm/utils.cpp.o[0m
[1.060s] [ 29%] [32mBuilding CXX object CMakeFiles/csm.dir/src/csm/sm_options.cpp.o[0m
[1.060s] [ 29%] [32mBuilding CXX object CMakeFiles/csm.dir/src/csm/orientation.cpp.o[0m
[1.060s] [ 33%] [32mBuilding CXX object CMakeFiles/csm.dir/src/csm/clustering.cpp.o[0m
[1.060s] [ 41%] [32mBuilding CXX object CMakeFiles/csm.dir/src/egsl/egsl.cpp.o[0m
[1.060s] [ 41%] [32mBuilding CXX object CMakeFiles/csm.dir/src/egsl/egsl_conversions.cpp.o[0m
[1.060s] [ 45%] [32mBuilding CXX object CMakeFiles/csm.dir/src/egsl/egsl_misc.cpp.o[0m
[1.061s] [ 50%] [32mBuilding CXX object CMakeFiles/csm.dir/src/egsl/egsl_ops.cpp.o[0m
[2.186s] [ 54%] [32mBuilding CXX object CMakeFiles/csm.dir/src/gpc/gpc.cpp.o[0m
[2.194s] [ 58%] [32mBuilding CXX object CMakeFiles/csm.dir/src/gpc/gpc_utils.cpp.o[0m
[2.201s] [ 62%] [32mBuilding CXX object CMakeFiles/csm.dir/src/icp/icp.cpp.o[0m
[2.207s] [ 66%] [32mBuilding CXX object CMakeFiles/csm.dir/src/icp/icp_corr_dumb.cpp.o[0m
[2.212s] [ 70%] [32mBuilding CXX object CMakeFiles/csm.dir/src/icp/icp_corr_tricks.cpp.o[0m
[2.217s] [ 75%] [32mBuilding CXX object CMakeFiles/csm.dir/src/icp/icp_covariance.cpp.o[0m
[2.239s] [ 79%] [32mBuilding CXX object CMakeFiles/csm.dir/src/icp/icp_debug.cpp.o[0m
[2.251s] [ 83%] [32mBuilding CXX object CMakeFiles/csm.dir/src/icp/icp_loop.cpp.o[0m
[2.255s] [ 87%] [32mBuilding CXX object CMakeFiles/csm.dir/src/icp/icp_outliers.cpp.o[0m
[2.260s] [ 95%] [32mBuilding CXX object CMakeFiles/csm.dir/src/options/options_interface.cpp.o[0m
[2.260s] [ 95%] [32mBuilding CXX object CMakeFiles/csm.dir/src/options/options.cpp.o[0m
[10.367s] [100%] [32m[1mLinking CXX shared library libcsm.so[0m
[10.609s] [100%] Built target csm
[10.617s] Invoked command in '/home/phattanarat/onenight_ws/build/csm' returned '0': CMAKE_PREFIX_PATH=${CMAKE_PREFIX_PATH}:/home/phattanarat/ros2_ws/install/launch_testing_examples:/home/phattanarat/ros2_ws/install/examples_rclpy_pointcloud_publisher:/home/phattanarat/ros2_ws/install/examples_rclpy_minimal_subscriber:/home/phattanarat/ros2_ws/install/examples_rclpy_minimal_service:/home/phattanarat/ros2_ws/install/examples_rclpy_minimal_publisher:/home/phattanarat/ros2_ws/install/examples_rclpy_minimal_client:/home/phattanarat/ros2_ws/install/examples_rclpy_minimal_action_server:/home/phattanarat/ros2_ws/install/examples_rclpy_minimal_action_client:/home/phattanarat/ros2_ws/install/examples_rclpy_guard_conditions:/home/phattanarat/ros2_ws/install/examples_rclpy_executors:/home/phattanarat/turtlebot3_ws/install/turtlebot3_teleop:/home/phattanarat/turtlebot3_ws/install/turtlebot3_example:/opt/ros/humble /usr/bin/cmake --build /home/phattanarat/onenight_ws/build/csm -- -j12 -l12
[10.618s] Invoking command in '/home/phattanarat/onenight_ws/build/csm': CMAKE_PREFIX_PATH=${CMAKE_PREFIX_PATH}:/home/phattanarat/ros2_ws/install/launch_testing_examples:/home/phattanarat/ros2_ws/install/examples_rclpy_pointcloud_publisher:/home/phattanarat/ros2_ws/install/examples_rclpy_minimal_subscriber:/home/phattanarat/ros2_ws/install/examples_rclpy_minimal_service:/home/phattanarat/ros2_ws/install/examples_rclpy_minimal_publisher:/home/phattanarat/ros2_ws/install/examples_rclpy_minimal_client:/home/phattanarat/ros2_ws/install/examples_rclpy_minimal_action_server:/home/phattanarat/ros2_ws/install/examples_rclpy_minimal_action_client:/home/phattanarat/ros2_ws/install/examples_rclpy_guard_conditions:/home/phattanarat/ros2_ws/install/examples_rclpy_executors:/home/phattanarat/turtlebot3_ws/install/turtlebot3_teleop:/home/phattanarat/turtlebot3_ws/install/turtlebot3_example:/opt/ros/humble /usr/bin/cmake --install /home/phattanarat/onenight_ws/build/csm
[10.623s] -- Install configuration: ""
[10.623s] -- Installing: /home/phattanarat/onenight_ws/install/csm/lib/libcsm.so
[10.627s] -- Installing: /home/phattanarat/onenight_ws/install/csm/include/..//include
[10.627s] -- Installing: /home/phattanarat/onenight_ws/install/csm/include/..//include/gsl_eigen
[10.627s] -- Installing: /home/phattanarat/onenight_ws/install/csm/include/..//include/gsl_eigen/gsl_eigen.h
[10.627s] -- Installing: /home/phattanarat/onenight_ws/install/csm/include/..//include/csm
[10.627s] -- Installing: /home/phattanarat/onenight_ws/install/csm/include/..//include/csm/laser_data_inline.h
[10.627s] -- Installing: /home/phattanarat/onenight_ws/install/csm/include/..//include/csm/laser_data.h
[10.627s] -- Installing: /home/phattanarat/onenight_ws/install/csm/include/..//include/csm/csm.h
[10.627s] -- Installing: /home/phattanarat/onenight_ws/install/csm/include/..//include/csm/restrict.h
[10.627s] -- Installing: /home/phattanarat/onenight_ws/install/csm/include/..//include/csm/algos.h
[10.627s] -- Installing: /home/phattanarat/onenight_ws/install/csm/share/csm/resource
[10.627s] -- Installing: /home/phattanarat/onenight_ws/install/csm/share/csm/resource/csm
[10.627s] -- Installing: /home/phattanarat/onenight_ws/install/csm/include/../gsl_eigen
[10.627s] -- Installing: /home/phattanarat/onenight_ws/install/csm/include/../gsl_eigen/gsl_eigen.h
[10.627s] -- Installing: /home/phattanarat/onenight_ws/install/csm/share/csm/environment/library_path.sh
[10.627s] -- Installing: /home/phattanarat/onenight_ws/install/csm/share/csm/environment/library_path.dsv
[10.627s] -- Installing: /home/phattanarat/onenight_ws/install/csm/share/ament_index/resource_index/package_run_dependencies/csm
[10.627s] -- Installing: /home/phattanarat/onenight_ws/install/csm/share/ament_index/resource_index/parent_prefix_path/csm
[10.627s] -- Installing: /home/phattanarat/onenight_ws/install/csm/share/csm/environment/ament_prefix_path.sh
[10.627s] -- Installing: /home/phattanarat/onenight_ws/install/csm/share/csm/environment/ament_prefix_path.dsv
[10.628s] -- Installing: /home/phattanarat/onenight_ws/install/csm/share/csm/environment/path.sh
[10.628s] -- Installing: /home/phattanarat/onenight_ws/install/csm/share/csm/environment/path.dsv
[10.628s] -- Installing: /home/phattanarat/onenight_ws/install/csm/share/csm/local_setup.bash
[10.628s] -- Installing: /home/phattanarat/onenight_ws/install/csm/share/csm/local_setup.sh
[10.628s] -- Installing: /home/phattanarat/onenight_ws/install/csm/share/csm/local_setup.zsh
[10.628s] -- Installing: /home/phattanarat/onenight_ws/install/csm/share/csm/local_setup.dsv
[10.628s] -- Installing: /home/phattanarat/onenight_ws/install/csm/share/csm/package.dsv
[10.628s] -- Installing: /home/phattanarat/onenight_ws/install/csm/share/ament_index/resource_index/packages/csm
[10.628s] -- Installing: /home/phattanarat/onenight_ws/install/csm/share/csm/cmake/ament_cmake_export_dependencies-extras.cmake
[10.628s] -- Installing: /home/phattanarat/onenight_ws/install/csm/share/csm/cmake/ament_cmake_export_include_directories-extras.cmake
[10.628s] -- Installing: /home/phattanarat/onenight_ws/install/csm/share/csm/cmake/ament_cmake_export_libraries-extras.cmake
[10.628s] -- Installing: /home/phattanarat/onenight_ws/install/csm/share/csm/cmake/csmConfig.cmake
[10.628s] -- Installing: /home/phattanarat/onenight_ws/install/csm/share/csm/cmake/csmConfig-version.cmake
[10.628s] -- Installing: /home/phattanarat/onenight_ws/install/csm/share/csm/package.xml
[10.630s] Invoked command in '/home/phattanarat/onenight_ws/build/csm' returned '0': CMAKE_PREFIX_PATH=${CMAKE_PREFIX_PATH}:/home/phattanarat/ros2_ws/install/launch_testing_examples:/home/phattanarat/ros2_ws/install/examples_rclpy_pointcloud_publisher:/home/phattanarat/ros2_ws/install/examples_rclpy_minimal_subscriber:/home/phattanarat/ros2_ws/install/examples_rclpy_minimal_service:/home/phattanarat/ros2_ws/install/examples_rclpy_minimal_publisher:/home/phattanarat/ros2_ws/install/examples_rclpy_minimal_client:/home/phattanarat/ros2_ws/install/examples_rclpy_minimal_action_server:/home/phattanarat/ros2_ws/install/examples_rclpy_minimal_action_client:/home/phattanarat/ros2_ws/install/examples_rclpy_guard_conditions:/home/phattanarat/ros2_ws/install/examples_rclpy_executors:/home/phattanarat/turtlebot3_ws/install/turtlebot3_teleop:/home/phattanarat/turtlebot3_ws/install/turtlebot3_example:/opt/ros/humble /usr/bin/cmake --install /home/phattanarat/onenight_ws/build/csm
